2024-03-04 10:23:36,526: INFO  – ========== Specification started ==========
2024-03-04 10:23:36,914: INFO  –  Specifying EstadoDeCuenta (1 of 1) ...
2024-03-04 10:23:38,104: INFO  –  Specifying  stub EstadoDeCuenta ...
2024-03-04 10:23:38,421: INFO  – Success: Specification
2024-03-04 10:26:25,853: INFO  – ========== Specification started ==========
2024-03-04 10:26:26,228: INFO  –  Specifying ActualizarDatos (1 of 1) ...
2024-03-04 10:26:26,349: INFO  –  Specifying  stub ActualizarDatos ...
2024-03-04 10:26:26,830: INFO  – Success: Specification
2024-03-04 11:48:36,651: INFO  – ========== Specification started ==========
2024-03-04 11:48:37,072: INFO  –  Specifying EstadoDeCuenta (1 of 1) ...
2024-03-04 11:48:38,369: WARN  – warning spc0038: There is no index for order OBL_YEAR; poor performance may be noticed in group starting at line 18. (Procedure 'EstadoDeCuenta', , Details, )
2024-03-04 11:48:38,371: WARN  – warning spc0043: NOMBRE is not instantiated in group starting at line 3. (Procedure 'EstadoDeCuenta', , Details, )
2024-03-04 11:48:38,372: WARN  – warning spc0043: ACT_ID_CARD is not instantiated in group starting at line 3. (Procedure 'EstadoDeCuenta', , Details, )
2024-03-04 11:48:38,372: WARN  – warning spc0043: ART_ID_DOC is not instantiated in group starting at line 3. (Procedure 'EstadoDeCuenta', , Details, )
2024-03-04 11:48:38,426: INFO  –  Specifying  stub EstadoDeCuenta ...
2024-03-04 11:48:38,881: INFO  – Success: Specification
2024-03-04 11:49:22,188: INFO  – ========== Specification started ==========
2024-03-04 11:49:22,582: INFO  –  Specifying EstadoDeCuenta (1 of 1) ...
2024-03-04 11:49:23,098: WARN  – warning spc0038: There is no index for order OBL_YEAR; poor performance may be noticed in group starting at line 18. (Procedure 'EstadoDeCuenta', , Details, )
2024-03-04 11:49:23,106: WARN  – warning spc0043: NOMBRE is not instantiated in group starting at line 3. (Procedure 'EstadoDeCuenta', , Details, )
2024-03-04 11:49:23,108: WARN  – warning spc0043: ACT_ID_CARD is not instantiated in group starting at line 3. (Procedure 'EstadoDeCuenta', , Details, )
2024-03-04 11:49:23,108: WARN  – warning spc0043: ART_ID_DOC is not instantiated in group starting at line 3. (Procedure 'EstadoDeCuenta', , Details, )
2024-03-04 11:49:23,131: INFO  –  Specifying  stub EstadoDeCuenta ...
2024-03-04 11:49:23,557: INFO  – Success: Specification
2024-03-04 11:51:07,481: INFO  – ========== Specification started ==========
2024-03-04 11:51:07,853: INFO  –  Specifying EstadoDeCuenta (1 of 1) ...
2024-03-04 11:51:08,212: WARN  – warning spc0038: There is no index for order OBL_YEAR; poor performance may be noticed in group starting at line 26. (Procedure 'EstadoDeCuenta', , Details, )
2024-03-04 11:51:08,236: INFO  –  Specifying  stub EstadoDeCuenta ...
2024-03-04 11:51:08,652: INFO  – Success: Specification
2024-03-04 12:02:39,171: INFO  – ========== Specification started ==========
2024-03-04 12:02:39,533: INFO  –  Specifying EstadoDeCuenta (1 of 1) ...
2024-03-04 12:02:39,915: WARN  – warning spc0038: There is no index for order OBL_YEAR; poor performance may be noticed in group starting at line 27. (Procedure 'EstadoDeCuenta', , Details, )
2024-03-04 12:02:39,942: INFO  –  Specifying  stub EstadoDeCuenta ...
2024-03-04 12:02:40,339: INFO  – Success: Specification
2024-03-04 12:02:50,788: INFO  – ========== Specification started ==========
2024-03-04 12:02:51,174: INFO  –  Specifying EstadoDeCuenta (1 of 1) ...
2024-03-04 12:02:52,397: WARN  – warning spc0038: There is no index for order OBL_YEAR; poor performance may be noticed in group starting at line 27. (Procedure 'EstadoDeCuenta', , Details, )
2024-03-04 12:02:52,451: INFO  –  Specifying  stub EstadoDeCuenta ...
2024-03-04 12:02:52,895: INFO  – Success: Specification
2024-03-04 12:07:07,413: INFO  – ========== Specification started ==========
2024-03-04 12:07:07,796: INFO  –  Specifying EstadoDeCuenta (1 of 1) ...
2024-03-04 12:07:09,021: WARN  – warning spc0038: There is no index for order OBL_YEAR; poor performance may be noticed in group starting at line 28. (Procedure 'EstadoDeCuenta', , Details, )
2024-03-04 12:07:09,073: INFO  –  Specifying  stub EstadoDeCuenta ...
2024-03-04 12:07:09,497: INFO  – Success: Specification
2024-03-04 12:08:02,605: INFO  – ========== Specification started ==========
2024-03-04 12:08:02,989: INFO  –  Specifying EstadoDeCuenta (1 of 1) ...
2024-03-04 12:08:03,298: ERROR – error spc0010: Type mismatch in assignment: &Hora = Datetime.now() (Numeric=DateTime). (Procedure 'EstadoDeCuenta' Source, Line: 2, , Details, )
2024-03-04 12:08:03,441: WARN  – warning spc0038: There is no index for order OBL_YEAR; poor performance may be noticed in group starting at line 29. (Procedure 'EstadoDeCuenta', , Details, )
2024-03-04 12:08:03,449: WARN  – warning spc0047: Variable Hora not defined; N(10.2) assumed. (Procedure 'EstadoDeCuenta', , Details, )
2024-03-04 12:08:03,840: INFO  – Failed: Specification
2024-03-04 12:09:17,450: INFO  – ========== Specification started ==========
2024-03-04 12:09:17,830: INFO  –  Specifying EstadoDeCuenta (1 of 1) ...
2024-03-04 12:09:18,263: WARN  – warning spc0038: There is no index for order OBL_YEAR; poor performance may be noticed in group starting at line 29. (Procedure 'EstadoDeCuenta', , Details, )
2024-03-04 12:09:18,290: INFO  –  Specifying  stub EstadoDeCuenta ...
2024-03-04 12:09:18,707: INFO  – Success: Specification
2024-03-04 12:09:25,499: INFO  – ========== Specification started ==========
2024-03-04 12:09:25,568: INFO  –  Specifying EstadoDeCuenta (1 of 1) ...
2024-03-04 12:09:25,891: WARN  – warning spc0038: There is no index for order OBL_YEAR; poor performance may be noticed in group starting at line 29. (Procedure 'EstadoDeCuenta', , Details, )
2024-03-04 12:09:25,925: INFO  –  Specifying  stub EstadoDeCuenta ...
2024-03-04 12:09:26,282: INFO  – Success: Specification
2024-03-04 12:11:09,833: INFO  – ========== Specification started ==========
2024-03-04 12:11:09,965: INFO  –  Specifying EstadoDeCuenta (1 of 1) ...
2024-03-04 12:11:10,303: WARN  – warning spc0038: There is no index for order OBL_YEAR; poor performance may be noticed in group starting at line 29. (Procedure 'EstadoDeCuenta', , Details, )
2024-03-04 12:11:10,330: INFO  –  Specifying  stub EstadoDeCuenta ...
2024-03-04 12:11:10,754: INFO  – Success: Specification
2024-03-04 12:11:55,390: INFO  – ========== Specification started ==========
2024-03-04 12:11:58,540: INFO  – Success: Specification
2024-03-04 13:17:02,167: INFO  – ========== Specification started ==========
2024-03-04 13:17:03,457: INFO  –  Specifying EstadoDeCuenta (1 of 1) ...
2024-03-04 13:17:05,542: INFO  – Success: Specification
2024-03-04 13:19:44,109: INFO  – ========== Specification started ==========
2024-03-04 13:19:44,572: INFO  –  Specifying EstadoDeCuenta (1 of 1) ...
2024-03-04 13:19:44,939: ERROR – error spc0010: Type mismatch in assignment: &Mensaje2 = "Datos actualizados al 29 de febrero del 2024." (Numeric=Character). (Procedure 'EstadoDeCuenta' Source, Line: 46, , Details, )
2024-03-04 13:19:45,062: WARN  – warning spc0038: There is no index for order OBL_YEAR; poor performance may be noticed in group starting at line 29. (Procedure 'EstadoDeCuenta', , Details, )
2024-03-04 13:19:45,509: INFO  – Failed: Specification
2024-03-04 13:20:03,895: INFO  – ========== Specification started ==========
2024-03-04 13:20:04,304: INFO  –  Specifying EstadoDeCuenta (1 of 1) ...
2024-03-04 13:20:05,494: ERROR – error spc0010: Type mismatch in assignment: &Mensaje2 = "Datos actualizados al 29 de febrero del 2024." (Numeric=Character). (Procedure 'EstadoDeCuenta' Source, Line: 46, , Details, )
2024-03-04 13:20:05,568: WARN  – warning spc0038: There is no index for order OBL_YEAR; poor performance may be noticed in group starting at line 29. (Procedure 'EstadoDeCuenta', , Details, )
2024-03-04 13:20:05,993: INFO  – Failed: Specification
2024-03-04 13:22:39,136: INFO  – ========== Specification started ==========
2024-03-04 13:22:39,209: INFO  –  Specifying EstadoDeCuenta (1 of 1) ...
2024-03-04 13:22:39,556: WARN  – warning spc0038: There is no index for order OBL_YEAR; poor performance may be noticed in group starting at line 29. (Procedure 'EstadoDeCuenta', , Details, )
2024-03-04 13:22:39,601: INFO  –  Specifying  stub EstadoDeCuenta ...
2024-03-04 13:22:39,993: INFO  – Success: Specification
2024-03-04 13:28:30,061: INFO  – ========== Specification started ==========
2024-03-04 13:28:30,430: INFO  –  Specifying Vineta (1 of 1) ...
2024-03-04 13:28:30,790: WARN  – warning spc0043: COLONIA is not instantiated in group starting at line 9. (Procedure 'Vineta', , Details, )
2024-03-04 13:28:30,812: INFO  –  Specifying  stub Vineta ...
2024-03-04 13:28:31,210: INFO  – Success: Specification
2024-03-04 13:28:37,327: INFO  – ========== Specification started ==========
2024-03-04 13:28:37,510: INFO  –  Specifying Vineta (1 of 1) ...
2024-03-04 13:28:37,926: INFO  –  Specifying  stub Vineta ...
2024-03-04 13:28:38,335: INFO  – Success: Specification
2024-03-04 13:28:56,979: INFO  – ========== Specification started ==========
2024-03-04 13:28:58,156: INFO  – Success: Specification
2024-03-04 13:29:36,104: INFO  – ========== Specification started ==========
2024-03-04 13:29:36,461: INFO  –  Specifying Vineta (1 of 1) ...
2024-03-04 13:29:36,770: WARN  – warning spc0043: COLONIA is not instantiated in group starting at line 9. (Procedure 'Vineta', , Details, )
2024-03-04 13:29:36,789: INFO  –  Specifying  stub Vineta ...
2024-03-04 13:29:37,205: INFO  – Success: Specification
2024-03-04 13:31:25,674: INFO  – ========== Specification started ==========
2024-03-04 13:31:26,065: INFO  –  Specifying EstadoDeCuenta (1 of 1) ...
2024-03-04 13:31:26,415: WARN  – warning spc0038: There is no index for order OBL_YEAR; poor performance may be noticed in group starting at line 29. (Procedure 'EstadoDeCuenta', , Details, )
2024-03-04 13:31:26,439: INFO  –  Specifying  stub EstadoDeCuenta ...
2024-03-04 13:31:26,878: INFO  – Success: Specification
2024-03-04 13:31:28,968: INFO  –  Specifying EstadoDeCuenta (already specified) ...
2024-03-04 13:32:38,769: INFO  – ========== Specification started ==========
2024-03-04 13:32:38,848: INFO  –  Specifying EstadoDeCuenta (1 of 1) ...
2024-03-04 13:32:39,194: WARN  – warning spc0038: There is no index for order OBL_YEAR; poor performance may be noticed in group starting at line 25. (Procedure 'EstadoDeCuenta', , Details, )
2024-03-04 13:32:39,220: INFO  –  Specifying  stub EstadoDeCuenta ...
2024-03-04 13:32:39,589: INFO  – Success: Specification
2024-03-04 13:36:35,074: INFO  – ========== Specification started ==========
2024-03-04 13:36:35,212: INFO  –  Specifying EstadoDeCuenta (1 of 1) ...
2024-03-04 13:36:35,593: WARN  – warning spc0038: There is no index for order OBL_YEAR; poor performance may be noticed in group starting at line 31. (Procedure 'EstadoDeCuenta', , Details, )
2024-03-04 13:36:35,625: INFO  –  Specifying  stub EstadoDeCuenta ...
2024-03-04 13:36:36,046: INFO  – Success: Specification
2024-03-04 13:36:51,598: INFO  – ========== Specification started ==========
2024-03-04 13:36:52,792: INFO  – Success: Specification
2024-03-04 13:39:28,580: INFO  – ========== Specification started ==========
2024-03-04 13:39:28,951: INFO  –  Specifying EstadoDeCuenta (1 of 1) ...
2024-03-04 13:39:29,359: WARN  – warning spc0038: There is no index for order OBL_YEAR; poor performance may be noticed in group starting at line 31. (Procedure 'EstadoDeCuenta', , Details, )
2024-03-04 13:39:29,393: INFO  –  Specifying  stub EstadoDeCuenta ...
2024-03-04 13:39:29,805: INFO  – Success: Specification
2024-03-04 13:41:09,414: INFO  – ========== Specification started ==========
2024-03-04 13:41:09,494: INFO  –  Specifying EstadoDeCuenta (1 of 1) ...
2024-03-04 13:41:09,844: WARN  – warning spc0038: There is no index for order OBL_YEAR; poor performance may be noticed in group starting at line 25. (Procedure 'EstadoDeCuenta', , Details, )
2024-03-04 13:41:09,872: INFO  –  Specifying  stub EstadoDeCuenta ...
2024-03-04 13:41:10,235: INFO  – Success: Specification
2024-03-04 13:42:10,964: INFO  – ========== Specification started ==========
2024-03-04 13:42:11,327: INFO  –  Specifying EstadoDeCuenta (1 of 1) ...
2024-03-04 13:42:11,741: WARN  – warning spc0038: There is no index for order OBL_YEAR; poor performance may be noticed in group starting at line 33. (Procedure 'EstadoDeCuenta', , Details, )
2024-03-04 13:42:11,772: INFO  –  Specifying  stub EstadoDeCuenta ...
2024-03-04 13:42:12,169: INFO  – Success: Specification
2024-03-04 13:42:29,769: INFO  – ========== Specification started ==========
2024-03-04 13:42:29,867: INFO  –  Specifying EstadoDeCuenta (1 of 1) ...
2024-03-04 13:42:30,185: WARN  – warning spc0038: There is no index for order OBL_YEAR; poor performance may be noticed in group starting at line 25. (Procedure 'EstadoDeCuenta', , Details, )
2024-03-04 13:42:30,204: INFO  –  Specifying  stub EstadoDeCuenta ...
2024-03-04 13:42:30,562: INFO  – Success: Specification
2024-03-04 13:51:14,637: INFO  – ========== Specification started ==========
2024-03-04 13:51:14,741: INFO  –  Specifying EstadoDeCuenta (1 of 1) ...
2024-03-04 13:51:15,103: WARN  – warning spc0038: There is no index for order OBL_YEAR; poor performance may be noticed in group starting at line 27. (Procedure 'EstadoDeCuenta', , Details, )
2024-03-04 13:51:15,132: INFO  –  Specifying  stub EstadoDeCuenta ...
2024-03-04 13:51:15,502: INFO  – Success: Specification
2024-03-04 13:51:38,524: INFO  – ========== Specification started ==========
2024-03-04 13:51:38,881: INFO  –  Specifying EstadoDeCuenta (1 of 1) ...
2024-03-04 13:51:39,231: WARN  – warning spc0038: There is no index for order OBL_YEAR; poor performance may be noticed in group starting at line 27. (Procedure 'EstadoDeCuenta', , Details, )
2024-03-04 13:51:39,261: INFO  –  Specifying  stub EstadoDeCuenta ...
2024-03-04 13:51:39,659: INFO  – Success: Specification
2024-03-04 13:51:49,886: INFO  – ========== Specification started ==========
2024-03-04 13:51:50,090: INFO  –  Specifying EstadoDeCuenta (1 of 1) ...
2024-03-04 13:51:50,471: WARN  – warning spc0038: There is no index for order OBL_YEAR; poor performance may be noticed in group starting at line 27. (Procedure 'EstadoDeCuenta', , Details, )
2024-03-04 13:51:50,486: WARN  – warning spc0047: Variable Ruta not defined; N(10.2) assumed. (Procedure 'EstadoDeCuenta', , Details, )
2024-03-04 13:51:50,513: INFO  –  Specifying  stub EstadoDeCuenta ...
2024-03-04 13:51:50,932: INFO  – Success: Specification
2024-03-04 13:54:02,430: INFO  – ========== Specification started ==========
2024-03-04 13:54:02,818: INFO  –  Specifying EstadoDeCuenta (1 of 1) ...
2024-03-04 13:54:03,256: WARN  – warning spc0038: There is no index for order OBL_YEAR; poor performance may be noticed in group starting at line 27. (Procedure 'EstadoDeCuenta', , Details, )
2024-03-04 13:54:03,257: WARN  – warning spc0047: Variable Ruta not defined; N(10.2) assumed. (Procedure 'EstadoDeCuenta', , Details, )
2024-03-04 13:54:03,271: INFO  –  Specifying  stub EstadoDeCuenta ...
2024-03-04 13:54:03,673: INFO  – Success: Specification
2024-03-04 14:01:46,613: INFO  – ========== Specification started ==========
2024-03-04 14:01:46,979: INFO  –  Specifying EstadoDeCuenta (1 of 1) ...
2024-03-04 14:01:47,336: WARN  – warning spc0038: There is no index for order OBL_YEAR; poor performance may be noticed in group starting at line 27. (Procedure 'EstadoDeCuenta', , Details, )
2024-03-04 14:01:47,348: WARN  – warning spc0047: Variable Ruta not defined; N(10.2) assumed. (Procedure 'EstadoDeCuenta', , Details, )
2024-03-04 14:01:47,372: INFO  –  Specifying  stub EstadoDeCuenta ...
2024-03-04 14:01:47,775: INFO  – Success: Specification
2024-03-04 14:08:17,176: INFO  – ========== Specification started ==========
2024-03-04 14:08:17,436: INFO  –  Specifying EstadoDeCuenta (1 of 1) ...
2024-03-04 14:08:17,902: WARN  – warning spc0038: There is no index for order OBL_YEAR; poor performance may be noticed in group starting at line 27. (Procedure 'EstadoDeCuenta', , Details, )
2024-03-04 14:08:17,957: INFO  – Processing inferred calls...
2024-03-04 14:08:18,493: INFO  – Success: Specification
2024-03-04 14:18:03,686: INFO  – ========== Specification started ==========
2024-03-04 14:18:07,804: INFO  –  Specifying EstadoDeCuenta (1 of 1) ...
2024-03-04 14:18:09,325: WARN  – warning spc0038: There is no index for order OBL_YEAR; poor performance may be noticed in group starting at line 27. (Procedure 'EstadoDeCuenta', , Details, )
2024-03-04 14:18:09,446: INFO  – Processing inferred calls...
2024-03-04 14:18:09,994: INFO  – Success: Specification
2024-03-04 14:31:07,447: INFO  – ========== Specification started ==========
2024-03-04 14:31:08,266: INFO  –  Specifying EstadoDeCuenta (1 of 1) ...
2024-03-04 14:31:09,646: WARN  – warning spc0038: There is no index for order OBL_YEAR; poor performance may be noticed in group starting at line 27. (Procedure 'EstadoDeCuenta', , Details, )
2024-03-04 14:31:09,751: INFO  – Processing inferred calls...
2024-03-04 14:31:10,268: INFO  – Success: Specification
2024-03-04 14:37:31,278: INFO  – ========== Specification started ==========
2024-03-04 14:37:31,658: INFO  –  Specifying EstadoDeCuenta (1 of 1) ...
2024-03-04 14:37:32,029: WARN  – warning spc0038: There is no index for order OBL_YEAR; poor performance may be noticed in group starting at line 33. (Procedure 'EstadoDeCuenta', , Details, )
2024-03-04 14:37:32,102: INFO  – Processing inferred calls...
2024-03-04 14:37:32,631: INFO  – Success: Specification
2024-03-04 14:37:38,316: INFO  – ========== Specification started ==========
2024-03-04 14:37:39,330: INFO  –  Specifying EstadoDeCuenta (1 of 1) ...
2024-03-04 14:37:40,756: WARN  – warning spc0038: There is no index for order OBL_YEAR; poor performance may be noticed in group starting at line 33. (Procedure 'EstadoDeCuenta', , Details, )
2024-03-04 14:37:40,871: INFO  – Processing inferred calls...
2024-03-04 14:37:41,375: INFO  – Success: Specification
2024-03-04 14:38:39,945: INFO  – ========== Specification started ==========
2024-03-04 14:38:41,708: INFO  –  Specifying EstadoDeCuenta (1 of 1) ...
2024-03-04 14:38:43,158: WARN  – warning spc0038: There is no index for order OBL_YEAR; poor performance may be noticed in group starting at line 33. (Procedure 'EstadoDeCuenta', , Details, )
2024-03-04 14:38:43,185: WARN  – warning spc0060: The program may be called by another program and the Commit on Exit property is set to YES (Procedure 'EstadoDeCuenta', , Details, )
2024-03-04 14:38:43,277: INFO  – Processing inferred calls...
2024-03-04 14:38:43,811: INFO  – Success: Specification
2024-03-04 14:38:51,153: INFO  – ========== Specification started ==========
2024-03-04 14:38:52,478: INFO  –  Specifying EstadoDeCuenta (1 of 1) ...
2024-03-04 14:38:53,263: WARN  – warning spc0038: There is no index for order OBL_YEAR; poor performance may be noticed in group starting at line 33. (Procedure 'EstadoDeCuenta', , Details, )
2024-03-04 14:38:54,671: INFO  – Processing inferred calls...
2024-03-04 14:38:55,234: INFO  – Success: Specification
2024-03-04 14:42:34,341: INFO  – ========== Specification started ==========
2024-03-04 14:42:37,045: INFO  –  Specifying EstadoDeCuenta (1 of 1) ...
2024-03-04 14:42:38,726: WARN  – warning spc0038: There is no index for order OBL_YEAR; poor performance may be noticed in group starting at line 33. (Procedure 'EstadoDeCuenta', , Details, )
2024-03-04 14:42:38,843: INFO  – Processing inferred calls...
2024-03-04 14:42:39,379: INFO  – Success: Specification
2024-03-04 14:42:59,857: INFO  – ========== Specification started ==========
2024-03-04 14:43:01,575: INFO  –  Specifying EstadoDeCuenta (1 of 1) ...
2024-03-04 14:43:03,017: WARN  – warning spc0038: There is no index for order OBL_YEAR; poor performance may be noticed in group starting at line 34. (Procedure 'EstadoDeCuenta', , Details, )
2024-03-04 14:43:03,129: INFO  – Processing inferred calls...
2024-03-04 14:43:03,642: INFO  – Success: Specification
2024-03-04 14:44:02,214: INFO  – ========== Specification started ==========
2024-03-04 14:44:06,116: INFO  – Success: Specification
2024-03-04 14:44:28,762: INFO  – ========== Specification started ==========
2024-03-04 14:44:29,497: INFO  –  Specifying EstadoDeCuenta (1 of 1) ...
2024-03-04 14:44:29,870: WARN  – warning spc0038: There is no index for order OBL_YEAR; poor performance may be noticed in group starting at line 34. (Procedure 'EstadoDeCuenta', , Details, )
2024-03-04 14:44:29,912: INFO  –  Specifying  stub EstadoDeCuenta ...
2024-03-04 14:44:29,952: INFO  – Processing inferred calls...
2024-03-04 14:44:30,480: INFO  – Success: Specification
2024-03-04 14:44:33,635: INFO  – ========== Specification started ==========
2024-03-04 14:44:33,794: INFO  –  Specifying EstadoDeCuenta (1 of 1) ...
2024-03-04 14:44:35,198: WARN  – warning spc0038: There is no index for order OBL_YEAR; poor performance may be noticed in group starting at line 34. (Procedure 'EstadoDeCuenta', , Details, )
2024-03-04 14:44:35,265: INFO  –  Specifying  stub EstadoDeCuenta ...
2024-03-04 14:44:35,318: INFO  – Processing inferred calls...
2024-03-04 14:44:35,838: INFO  – Success: Specification
2024-03-04 14:58:24,512: INFO  – ========== Specification started ==========
2024-03-04 14:58:25,279: INFO  –  Specifying EstadoDeCuenta (1 of 1) ...
2024-03-04 14:58:25,662: WARN  – warning spc0038: There is no index for order OBL_YEAR; poor performance may be noticed in group starting at line 34. (Procedure 'EstadoDeCuenta', , Details, )
2024-03-04 14:58:25,696: INFO  –  Specifying  stub EstadoDeCuenta ...
2024-03-04 14:58:25,731: INFO  – Processing inferred calls...
2024-03-04 14:58:26,275: INFO  – Success: Specification
2024-03-04 14:58:33,907: INFO  – ========== Specification started ==========
2024-03-04 14:58:34,125: INFO  –  Specifying EstadoDeCuenta (1 of 1) ...
2024-03-04 14:58:34,497: WARN  – warning spc0038: There is no index for order OBL_YEAR; poor performance may be noticed in group starting at line 34. (Procedure 'EstadoDeCuenta', , Details, )
2024-03-04 14:58:34,521: INFO  –  Specifying  stub EstadoDeCuenta ...
2024-03-04 14:58:34,538: INFO  – Processing inferred calls...
2024-03-04 14:58:35,077: INFO  – Success: Specification
2024-03-04 14:59:11,429: INFO  – ========== Specification started ==========
2024-03-04 14:59:16,043: INFO  –  Specifying Procedure1 (1 of 1) ...
2024-03-04 14:59:16,621: INFO  – Processing inferred calls...
2024-03-04 14:59:17,188: INFO  – Success: Specification
2024-03-04 15:03:49,036: INFO  – ========== Specification started ==========
2024-03-04 15:03:49,815: INFO  –  Specifying EstadoDeCuenta (1 of 1) ...
2024-03-04 15:03:50,257: WARN  – warning spc0038: There is no index for order OBL_YEAR; poor performance may be noticed in group starting at line 34. (Procedure 'EstadoDeCuenta', , Details, )
2024-03-04 15:03:50,307: INFO  –  Specifying  stub EstadoDeCuenta ...
2024-03-04 15:03:50,360: INFO  – Processing inferred calls...
2024-03-04 15:03:50,885: INFO  – Success: Specification
2024-03-04 15:03:54,061: INFO  – ========== Specification started ==========
2024-03-04 15:03:54,787: INFO  –  Specifying EstadoDeCuenta (1 of 1) ...
2024-03-04 15:03:55,134: WARN  – warning spc0038: There is no index for order OBL_YEAR; poor performance may be noticed in group starting at line 34. (Procedure 'EstadoDeCuenta', , Details, )
2024-03-04 15:03:55,168: INFO  –  Specifying  stub EstadoDeCuenta ...
2024-03-04 15:03:55,202: INFO  – Processing inferred calls...
2024-03-04 15:03:55,712: INFO  – Success: Specification
2024-03-04 15:06:26,143: INFO  – ========== Specification started ==========
2024-03-04 15:06:26,900: INFO  –  Specifying EstadoDeCuenta (1 of 1) ...
2024-03-04 15:06:27,276: WARN  – warning spc0038: There is no index for order OBL_YEAR; poor performance may be noticed in group starting at line 34. (Procedure 'EstadoDeCuenta', , Details, )
2024-03-04 15:06:27,305: INFO  –  Specifying  stub EstadoDeCuenta ...
2024-03-04 15:06:27,357: INFO  – Processing inferred calls...
2024-03-04 15:06:27,884: INFO  – Success: Specification
2024-03-04 15:10:00,412: INFO  – ========== Specification started ==========
2024-03-04 15:10:00,733: INFO  –  Specifying Vineta (1 of 1) ...
2024-03-04 15:10:02,727: INFO  – Success: Specification
2024-03-04 15:15:08,477: INFO  – ========== Specification started ==========
2024-03-04 15:15:09,211: INFO  –  Specifying EstadoDeCuenta (1 of 1) ...
2024-03-04 15:15:09,605: WARN  – warning spc0038: There is no index for order (OBL_YEAR); poor performance may be noticed in group starting at line 34. (Procedure 'EstadoDeCuenta', , Details, )
2024-03-04 15:15:09,637: INFO  –  Specifying  stub EstadoDeCuenta ...
2024-03-04 15:15:09,673: INFO  – Processing inferred calls...
2024-03-04 15:15:10,214: INFO  – Success: Specification
2024-03-04 15:19:25,576: INFO  – ========== Specification started ==========
2024-03-04 15:19:26,326: INFO  –  Specifying EstadoDeCuenta (1 of 1) ...
2024-03-04 15:19:26,696: WARN  – warning spc0038: There is no index for order (OBL_YEAR); poor performance may be noticed in group starting at line 34. (Procedure 'EstadoDeCuenta', , Details, )
2024-03-04 15:19:26,732: INFO  –  Specifying  stub EstadoDeCuenta ...
2024-03-04 15:19:26,761: INFO  – Processing inferred calls...
2024-03-04 15:19:27,287: INFO  – Success: Specification
2024-03-04 15:19:59,204: INFO  – ========== Specification started ==========
2024-03-04 15:23:09,970: INFO  –  Specifying EstadoDeCuenta (1 of 1) ...
2024-03-04 15:23:12,250: INFO  – Success: Specification
2024-03-04 15:26:25,191: INFO  – ========== Specification started ==========
2024-03-04 15:26:25,962: INFO  –  Specifying EstadoDeCuenta (1 of 1) ...
2024-03-04 15:26:26,342: INFO  –  Specifying  stub EstadoDeCuenta ...
2024-03-04 15:26:26,376: INFO  – Processing inferred calls...
2024-03-04 15:26:26,890: INFO  – Success: Specification
2024-03-04 15:26:31,323: INFO  – ========== Specification started ==========
2024-03-04 15:26:31,670: INFO  –  Specifying EstadoDeCuenta (1 of 1) ...
2024-03-04 15:26:32,070: INFO  –  Specifying  stub EstadoDeCuenta ...
2024-03-04 15:26:32,112: INFO  – Processing inferred calls...
2024-03-04 15:26:32,623: INFO  – Success: Specification
2024-03-04 15:26:54,311: INFO  – ========== Specification started ==========
2024-03-04 15:26:55,063: INFO  –  Specifying EstadoDeCuenta (1 of 1) ...
2024-03-04 15:26:56,230: INFO  –  Specifying  stub EstadoDeCuenta ...
2024-03-04 15:26:56,261: INFO  – Processing inferred calls...
2024-03-04 15:26:56,795: INFO  – Success: Specification
2024-03-04 15:27:42,236: INFO  – ========== Specification started ==========
2024-03-04 15:27:42,721: INFO  –  Specifying EstadoDeCuenta (1 of 1) ...
2024-03-04 15:27:43,591: INFO  –  Specifying  stub EstadoDeCuenta ...
2024-03-04 15:27:44,230: INFO  – Processing inferred calls...
2024-03-04 15:27:44,872: INFO  – Success: Specification
2024-03-04 15:28:03,844: INFO  – ========== Specification started ==========
2024-03-04 15:28:04,859: INFO  –  Specifying Vineta (1 of 1) ...
2024-03-04 15:28:06,327: WARN  – warning spc0043: COLONIA is not instantiated in group starting at line 14. (Procedure 'Vineta', , Details, )
2024-03-04 15:28:06,375: INFO  –  Specifying  stub Vineta ...
2024-03-04 15:28:06,417: INFO  – Processing inferred calls...
2024-03-04 15:28:06,940: INFO  – Success: Specification
2024-03-04 15:28:12,563: INFO  – ========== Specification started ==========
2024-03-04 15:28:12,820: INFO  –  Specifying Vineta (1 of 1) ...
2024-03-04 15:28:13,115: INFO  –  Specifying  stub Vineta ...
2024-03-04 15:28:13,135: INFO  – Processing inferred calls...
2024-03-04 15:28:13,654: INFO  – Success: Specification
2024-03-04 15:28:19,744: INFO  – ========== Specification started ==========
2024-03-04 15:28:21,604: INFO  – Success: Specification
2024-03-04 15:29:16,605: INFO  – ========== Specification started ==========
2024-03-04 15:29:17,053: INFO  –  Specifying EstadoDeCuenta (1 of 1) ...
2024-03-04 15:29:17,449: INFO  –  Specifying  stub EstadoDeCuenta ...
2024-03-04 15:29:17,481: INFO  – Processing inferred calls...
2024-03-04 15:29:18,015: INFO  – Success: Specification
2024-03-04 15:33:57,977: INFO  – ========== Specification started ==========
2024-03-04 15:33:58,712: INFO  –  Specifying EstadoDeCuenta (1 of 1) ...
2024-03-04 15:33:59,070: INFO  –  Specifying  stub EstadoDeCuenta ...
2024-03-04 15:33:59,108: INFO  – Processing inferred calls...
2024-03-04 15:33:59,630: INFO  – Success: Specification
2024-03-04 15:40:59,026: INFO  – ========== Specification started ==========
2024-03-04 15:40:59,799: INFO  –  Specifying Vineta (1 of 1) ...
2024-03-04 15:41:00,270: INFO  –  Specifying  stub Vineta ...
2024-03-04 15:41:00,301: INFO  – Processing inferred calls...
2024-03-04 15:41:00,827: INFO  – Success: Specification
2024-03-04 15:42:42,598: INFO  – ========== Specification started ==========
2024-03-04 15:42:42,849: INFO  –  Specifying EstadoDeCuenta (1 of 1) ...
2024-03-04 15:42:43,193: INFO  –  Specifying  stub EstadoDeCuenta ...
2024-03-04 15:42:43,206: INFO  – Processing inferred calls...
2024-03-04 15:42:43,730: INFO  – Success: Specification
2024-03-04 15:46:53,357: INFO  – ========== Specification started ==========
2024-03-04 15:46:53,602: INFO  –  Specifying Vineta (1 of 1) ...
2024-03-04 15:46:53,896: INFO  –  Specifying  stub Vineta ...
2024-03-04 15:46:53,921: INFO  – Processing inferred calls...
2024-03-04 15:46:54,443: INFO  – Success: Specification
2024-03-04 15:50:48,741: INFO  – ========== Specification started ==========
2024-03-04 15:50:49,076: INFO  –  Specifying EstadoDeCuenta (1 of 1) ...
2024-03-04 15:50:49,509: INFO  –  Specifying  stub EstadoDeCuenta ...
2024-03-04 15:50:49,541: INFO  – Processing inferred calls...
2024-03-04 15:50:50,065: INFO  – Success: Specification
2024-03-04 15:51:05,638: INFO  – ========== Specification started ==========
2024-03-04 15:51:06,398: INFO  –  Specifying EstadoDeCuenta (1 of 1) ...
2024-03-04 15:51:06,738: WARN  – warning spc0043: NOMBRE is not instantiated in group starting at line 5. (Procedure 'EstadoDeCuenta', , Details, )
2024-03-04 15:51:06,738: WARN  – warning spc0043: ACT_ID_CARD is not instantiated in group starting at line 5. (Procedure 'EstadoDeCuenta', , Details, )
2024-03-04 15:51:06,739: WARN  – warning spc0043: ART_ID_DOC is not instantiated in group starting at line 5. (Procedure 'EstadoDeCuenta', , Details, )
2024-03-04 15:51:06,740: WARN  – warning spc0043: NOMBRE_COLONIA is not instantiated in group starting at line 5. (Procedure 'EstadoDeCuenta', , Details, )
2024-03-04 15:51:06,761: INFO  –  Specifying  stub EstadoDeCuenta ...
2024-03-04 15:51:06,792: INFO  – Processing inferred calls...
2024-03-04 15:51:07,329: INFO  – Success: Specification
2024-03-04 15:51:32,917: INFO  – ========== Specification started ==========
2024-03-04 15:51:33,201: INFO  –  Specifying EstadoDeCuenta (1 of 1) ...
2024-03-04 15:51:33,590: INFO  –  Specifying  stub EstadoDeCuenta ...
2024-03-04 15:51:33,615: INFO  – Processing inferred calls...
2024-03-04 15:51:34,139: INFO  – Success: Specification
2024-03-04 16:08:02,638: INFO  – ========== Specification started ==========
2024-03-04 16:08:03,421: INFO  –  Specifying EstadoDeCuenta (1 of 1) ...
2024-03-04 16:08:03,869: INFO  –  Specifying  stub EstadoDeCuenta ...
2024-03-04 16:08:03,900: INFO  – Processing inferred calls...
2024-03-04 16:08:04,413: INFO  – Success: Specification
2024-03-04 16:08:21,689: INFO  – ========== Specification started ==========
2024-03-04 16:11:32,095: INFO  –  Specifying Vineta (1 of 1) ...
2024-03-04 16:11:34,141: INFO  – Success: Specification
2024-03-04 16:11:48,865: INFO  – ========== Specification started ==========
2024-03-04 16:11:49,654: INFO  –  Specifying Vineta (1 of 1) ...
2024-03-04 16:11:50,157: INFO  –  Specifying Vineta ...
2024-03-04 16:11:50,207: INFO  –  Specifying  stub Vineta ...
2024-03-04 16:11:50,240: INFO  – Processing inferred calls...
2024-03-04 16:11:50,804: INFO  – Success: Specification
2024-03-04 16:12:46,117: INFO  – ========== Specification started ==========
2024-03-04 16:12:46,450: INFO  –  Specifying EstadoDeCuenta (1 of 1) ...
2024-03-04 16:12:46,953: INFO  –  Specifying  stub EstadoDeCuenta ...
2024-03-04 16:12:46,991: INFO  – Processing inferred calls...
2024-03-04 16:12:47,544: INFO  – Success: Specification
2024-03-04 16:15:30,503: INFO  – ========== Specification started ==========
2024-03-04 16:15:31,412: INFO  –  Specifying Vineta (1 of 1) ...
2024-03-04 16:15:31,956: WARN  – warning spc0043: NOMBRE is not instantiated in group starting at line 4. (Procedure 'Vineta', , Details, )
2024-03-04 16:15:31,958: WARN  – warning spc0043: ACT_ID_CARD is not instantiated in group starting at line 4. (Procedure 'Vineta', , Details, )
2024-03-04 16:15:31,959: WARN  – warning spc0043: ART_ID_DOC is not instantiated in group starting at line 4. (Procedure 'Vineta', , Details, )
2024-03-04 16:15:31,995: INFO  –  Specifying  stub Vineta ...
2024-03-04 16:15:32,040: INFO  – Processing inferred calls...
2024-03-04 16:15:32,572: INFO  – Success: Specification
2024-03-04 16:15:46,262: INFO  – ========== Specification started ==========
2024-03-04 16:15:46,976: INFO  –  Specifying Vineta (1 of 1) ...
2024-03-04 16:15:47,378: INFO  –  Specifying  stub Vineta ...
2024-03-04 16:15:47,406: INFO  – Processing inferred calls...
2024-03-04 16:15:47,929: INFO  – Success: Specification
2024-03-04 16:25:07,001: INFO  – ========== Specification started ==========
2024-03-04 16:25:07,786: INFO  –  Specifying EstadoDeCuenta (1 of 1) ...
2024-03-04 16:25:08,282: INFO  –  Specifying  stub EstadoDeCuenta ...
2024-03-04 16:25:08,320: INFO  – Processing inferred calls...
2024-03-04 16:25:08,855: INFO  – Success: Specification
2024-03-04 16:26:02,305: INFO  – ========== Specification started ==========
2024-03-04 16:26:03,148: INFO  –  Specifying Vineta (1 of 1) ...
2024-03-04 16:26:03,583: INFO  –  Specifying  stub Vineta ...
2024-03-04 16:26:03,619: INFO  – Processing inferred calls...
2024-03-04 16:26:04,169: INFO  – Success: Specification
2024-03-04 16:30:11,057: INFO  – ========== Specification started ==========
2024-03-04 16:30:14,989: INFO  –  Specifying Vineta (1 of 1) ...
2024-03-04 16:30:15,446: INFO  –  Specifying  stub Vineta ...
2024-03-04 16:30:15,471: INFO  – Processing inferred calls...
2024-03-04 16:30:16,020: INFO  – Success: Specification
