2024-03-06 09:20:24,001: INFO  – ========== Specification started ==========
2024-03-06 09:20:25,379: INFO  –  Specifying EstadoDeCuenta (1 of 1) ...
2024-03-06 09:23:34,206: INFO  –  Specifying  stub EstadoDeCuenta ...
2024-03-06 09:23:34,938: INFO  – Success: Specification
2024-03-06 13:49:46,386: INFO  – ========== Specification started ==========
2024-03-06 13:49:51,240: INFO  –  Specifying Procedure2 (1 of 1) ...
2024-03-06 13:49:52,993: INFO  – Failed: Specification
2024-03-06 13:50:52,053: INFO  – ========== Specification started ==========
2024-03-06 13:50:52,395: INFO  –  Specifying Procedure2 (1 of 1) ...
2024-03-06 13:50:52,646: ERROR – error spc0010: Type mismatch in assignment: &result = ObtenerTasaDeCambioExchangeRateFetcher.obtenertasadecambio(&apiKey,&baseCurrency,&targetCurrency,&date) (Varchar=Character Collection). (Procedure 'Procedure2' Source, Line: 19, , Details, )
2024-03-06 13:50:53,248: INFO  – Failed: Specification
2024-03-06 13:55:05,317: INFO  – ========== Specification started ==========
2024-03-06 13:58:14,823: ERROR – error: Se agot¢ el tiempo de espera de ejecuci¢n. El per¡odo de tiempo de espera transcurri¢ antes de la finalizaci¢n de la operaci¢n o el servidor no responde.
The request failed to run because the batch is aborted, this can be caused by abort signal sent from client, or another request is running in the same session, which makes the session busy.
Operaci¢n cancelada por el usuario.
2024-03-06 13:58:14,825: ERROR – error: 	Tiempo de espera de la operaci¢n de espera agotado
2024-03-06 13:58:24,687: INFO  – Failed: Specification
2024-03-06 14:03:38,206: INFO  – ========== Specification started ==========
2024-03-06 14:03:38,422: INFO  –  Specifying Procedure2 (1 of 1) ...
2024-03-06 14:03:38,856: INFO  –  Specifying  stub Procedure2 ...
2024-03-06 14:03:39,442: INFO  – Success: Specification
2024-03-06 14:16:08,208: INFO  – ========== Specification started ==========
2024-03-06 14:16:08,794: INFO  –  Specifying Procedure2 (1 of 1) ...
2024-03-06 14:16:18,087: INFO  –  Specifying  stub Procedure2 ...
2024-03-06 14:16:18,875: INFO  – Success: Specification
