2024-03-05 09:01:18,480: INFO  – ========== Specification started ==========
2024-03-05 09:01:21,184: INFO  –  Specifying EstadoDeCuenta (1 of 1) ...
2024-03-05 09:01:23,004: INFO  –  Specifying  stub EstadoDeCuenta ...
2024-03-05 09:01:23,068: INFO  – Processing inferred calls...
2024-03-05 09:01:23,605: INFO  – Success: Specification
2024-03-05 09:01:34,574: INFO  – ========== Specification started ==========
2024-03-05 09:01:36,310: INFO  –  Specifying EstadoDeCuenta (1 of 1) ...
2024-03-05 09:01:37,777: INFO  –  Specifying  stub EstadoDeCuenta ...
2024-03-05 09:01:37,830: INFO  – Processing inferred calls...
2024-03-05 09:01:38,350: INFO  – Success: Specification
2024-03-05 09:01:45,181: INFO  – ========== Specification started ==========
2024-03-05 09:01:47,216: INFO  –  Specifying EstadoDeCuenta (1 of 1) ...
2024-03-05 09:01:48,947: INFO  –  Specifying  stub EstadoDeCuenta ...
2024-03-05 09:01:49,845: INFO  – Processing inferred calls...
2024-03-05 09:01:50,409: INFO  – Success: Specification
2024-03-05 09:01:56,477: INFO  – ========== Specification started ==========
2024-03-05 09:01:58,298: INFO  –  Specifying EstadoDeCuenta (1 of 1) ...
2024-03-05 09:01:59,832: INFO  –  Specifying  stub EstadoDeCuenta ...
2024-03-05 09:01:59,886: INFO  – Processing inferred calls...
2024-03-05 09:02:00,419: INFO  – Success: Specification
2024-03-05 09:02:28,191: INFO  – ========== Specification started ==========
2024-03-05 09:02:28,660: INFO  –  Specifying Vineta (1 of 1) ...
2024-03-05 09:02:29,164: INFO  –  Specifying  stub Vineta ...
2024-03-05 09:02:29,196: INFO  – Processing inferred calls...
2024-03-05 09:02:29,704: INFO  – Success: Specification
2024-03-05 09:02:55,546: INFO  – ========== Specification started ==========
2024-03-05 09:02:55,911: INFO  –  Specifying Vineta (1 of 1) ...
2024-03-05 09:02:56,346: INFO  –  Specifying  stub Vineta ...
2024-03-05 09:02:56,385: INFO  – Processing inferred calls...
2024-03-05 09:02:56,902: INFO  – Success: Specification
2024-03-05 09:03:43,155: INFO  – ========== Specification started ==========
2024-03-05 09:03:43,517: INFO  –  Specifying Generar (1 of 1) ...
2024-03-05 09:03:45,079: INFO  – Processing inferred calls...
2024-03-05 09:03:45,605: INFO  – Success: Specification
2024-03-05 09:03:53,155: INFO  – ========== Specification started ==========
2024-03-05 09:03:53,531: INFO  –  Specifying Generar (1 of 1) ...
2024-03-05 09:03:55,042: INFO  – Processing inferred calls...
2024-03-05 09:03:55,557: INFO  – Success: Specification
2024-03-05 09:04:11,205: INFO  – ========== Specification started ==========
2024-03-05 09:04:11,585: INFO  –  Specifying Generar (1 of 1) ...
2024-03-05 09:04:13,226: INFO  – Processing inferred calls...
2024-03-05 09:04:13,758: INFO  – Success: Specification
2024-03-05 09:04:47,470: INFO  – ========== Specification started ==========
2024-03-05 09:04:49,219: INFO  –  Specifying Generar (1 of 1) ...
2024-03-05 09:04:51,705: INFO  – Processing inferred calls...
2024-03-05 09:04:52,228: INFO  – Success: Specification
2024-03-05 09:04:55,372: INFO  – ========== Specification started ==========
2024-03-05 09:04:55,674: INFO  –  Specifying Generar (1 of 1) ...
2024-03-05 09:04:56,822: INFO  – Processing inferred calls...
2024-03-05 09:04:57,895: INFO  – Success: Specification
2024-03-05 09:05:10,149: INFO  – ========== Specification started ==========
2024-03-05 09:05:10,475: INFO  –  Specifying Generar (1 of 1) ...
2024-03-05 09:05:11,581: INFO  – Processing inferred calls...
2024-03-05 09:05:12,113: INFO  – Success: Specification
2024-03-05 09:05:17,918: INFO  – ========== Specification started ==========
2024-03-05 09:05:18,238: INFO  –  Specifying Generar (1 of 1) ...
2024-03-05 09:05:19,414: INFO  – Processing inferred calls...
2024-03-05 09:05:19,928: INFO  – Success: Specification
2024-03-05 09:05:37,987: INFO  – ========== Specification started ==========
2024-03-05 09:05:38,410: INFO  –  Specifying Generar (1 of 1) ...
2024-03-05 09:05:39,731: INFO  – Processing inferred calls...
2024-03-05 09:05:40,268: INFO  – Success: Specification
2024-03-05 09:06:25,302: INFO  – ========== Specification started ==========
2024-03-05 09:06:25,709: INFO  –  Specifying Generar (1 of 1) ...
2024-03-05 09:06:27,022: INFO  – Processing inferred calls...
2024-03-05 09:06:27,567: INFO  – Success: Specification
2024-03-05 09:20:02,553: INFO  – ========== Specification started ==========
2024-03-05 09:20:02,961: INFO  –  Specifying Generar (1 of 1) ...
2024-03-05 09:20:05,625: INFO  – Processing inferred calls...
2024-03-05 09:20:06,172: INFO  – Success: Specification
2024-03-05 09:39:20,308: INFO  – ========== Specification started ==========
2024-03-05 09:39:21,319: INFO  –  Specifying Generar (1 of 1) ...
2024-03-05 09:39:24,006: INFO  – Processing inferred calls...
2024-03-05 09:39:24,534: INFO  – Success: Specification
2024-03-05 09:39:40,160: INFO  – ========== Specification started ==========
2024-03-05 09:39:40,413: INFO  –  Specifying Generar (1 of 1) ...
2024-03-05 09:39:42,635: INFO  – Success: Specification
2024-03-05 10:16:49,190: INFO  – ========== Specification started ==========
2024-03-05 10:16:49,476: INFO  –  Specifying Vineta (1 of 1) ...
2024-03-05 10:16:50,006: INFO  –  Specifying  stub Vineta ...
2024-03-05 10:16:50,559: INFO  – Success: Specification
