2024-03-05 09:03:39,690: INFO  – Updating Generar...
2024-03-05 09:03:39,901: INFO  – success
2024-03-05 09:03:49,976: INFO  – Updating Generar...
2024-03-05 09:03:50,020: INFO  – success
2024-03-05 09:04:07,916: INFO  – Updating Generar...
2024-03-05 09:04:08,036: INFO  – success
2024-03-05 09:04:44,098: INFO  – Updating Generar...
2024-03-05 09:04:44,262: INFO  – success
2024-03-05 09:04:50,517: INFO  – Updating Generar...
2024-03-05 09:04:50,631: INFO  – success
2024-03-05 09:05:06,838: INFO  – Updating Generar...
2024-03-05 09:05:06,959: INFO  – success
2024-03-05 09:05:14,660: INFO  – Updating Generar...
2024-03-05 09:05:14,758: INFO  – success
2024-03-05 09:05:34,237: INFO  – Updating Generar...
2024-03-05 09:05:34,488: INFO  – success
2024-03-05 09:06:21,982: INFO  – Updating Generar...
2024-03-05 09:06:22,099: INFO  – success
2024-03-05 09:19:59,177: INFO  – Updating Generar...
2024-03-05 09:19:59,346: INFO  – success
2024-03-05 09:29:14,877: INFO  – Processing file 'C:\Program Files (x86)\GeneXus\GeneXus18\Packages\K2BTools\DesignSystemConfigurationWizard\DesignSystemCfg.xml'...
2024-03-05 09:29:15,011: INFO  – Checking Import References...
2024-03-05 09:29:15,028: INFO  – Finished
2024-03-05 09:29:15,042: INFO  – Reading import file objects...
2024-03-05 09:29:15,229: INFO  – Finished
2024-03-05 09:33:18,881: INFO  – ========== Applying changes to the design system started ==========
2024-03-05 09:33:18,965: INFO  – Updating image K2BLogotipo
2024-03-05 09:33:24,024: INFO  – Updating image K2BToolsMainLogo
2024-03-05 09:33:24,126: INFO  – Style K2BTools.DesignSystems.Aries.Aries set as "Theme".
2024-03-05 09:33:24,155: INFO  – Color K2BT_HeaderRight changed for options [color-variant=light, base-color=violet] (#280887->#280887).
2024-03-05 09:33:24,156: INFO  – Color K2BT_HeaderRight changed for options [color-variant=light, base-color=violetflat] (#324048->#324048).
2024-03-05 09:33:24,157: INFO  – Color K2BT_HeaderRight changed for options [color-variant=light, base-color=green] (#35ADB4->#35ADB4).
2024-03-05 09:33:24,158: INFO  – Color K2BT_HeaderRight changed for options [color-variant=light, base-color=skyblue] (#5E94FF->#5E94FF).
2024-03-05 09:33:24,159: INFO  – Color K2BT_HeaderRight changed for options [color-variant=light, base-color=red] (#EF4874->#EF4874).
2024-03-05 09:33:24,159: INFO  – Color K2BT_HeaderRight changed for options [color-variant=dark, base-color=violet] (#324048->#324048).
2024-03-05 09:33:24,160: INFO  – Color K2BT_HeaderRight changed for options [color-variant=dark, base-color=violetflat] (#324048->#324048).
2024-03-05 09:33:24,161: INFO  – Color K2BT_HeaderRight changed for options [color-variant=dark, base-color=green] (#324048->#324048).
2024-03-05 09:33:24,162: INFO  – Color K2BT_HeaderRight changed for options [color-variant=dark, base-color=skyblue] (#324048->#324048).
2024-03-05 09:33:24,163: INFO  – Color K2BT_HeaderRight changed for options [color-variant=dark, base-color=red] (#324048->#324048).
2024-03-05 09:33:24,163: INFO  – Color K2BT_HeaderLeft changed for options [color-variant=light, base-color=violet] (#9A16E8->#9A16E8).
2024-03-05 09:33:24,164: INFO  – Color K2BT_HeaderLeft changed for options [color-variant=light, base-color=violetflat] (#324048->#324048).
2024-03-05 09:33:24,165: INFO  – Color K2BT_HeaderLeft changed for options [color-variant=light, base-color=green] (#35ADB4->#35ADB4).
2024-03-05 09:33:24,168: INFO  – Color K2BT_HeaderLeft changed for options [color-variant=light, base-color=skyblue] (#5E94FF->#5E94FF).
2024-03-05 09:33:24,169: INFO  – Color K2BT_HeaderLeft changed for options [color-variant=light, base-color=red] (#EF4874->#EF4874).
2024-03-05 09:33:24,170: INFO  – Color K2BT_HeaderLeft changed for options [color-variant=dark, base-color=violet] (#324048->#324048).
2024-03-05 09:33:24,171: INFO  – Color K2BT_HeaderLeft changed for options [color-variant=dark, base-color=violetflat] (#324048->#324048).
2024-03-05 09:33:24,171: INFO  – Color K2BT_HeaderLeft changed for options [color-variant=dark, base-color=green] (#324048->#324048).
2024-03-05 09:33:24,172: INFO  – Color K2BT_HeaderLeft changed for options [color-variant=dark, base-color=skyblue] (#324048->#324048).
2024-03-05 09:33:24,173: INFO  – Color K2BT_HeaderLeft changed for options [color-variant=dark, base-color=red] (#324048->#324048).
2024-03-05 09:33:24,174: INFO  – Color K2BT_HeaderText changed (#fff->#fff).
2024-03-05 09:33:24,175: INFO  – Color K2BT_FooterBackground changed for options [color-variant=light, base-color=violet] (#000F90->#000F90).
2024-03-05 09:33:24,175: INFO  – Color K2BT_FooterBackground changed for options [color-variant=light, base-color=violetflat] (#364953->#364953).
2024-03-05 09:33:24,176: INFO  – Color K2BT_FooterBackground changed for options [color-variant=light, base-color=green] (#35ADB4->#35ADB4).
2024-03-05 09:33:24,177: INFO  – Color K2BT_FooterBackground changed for options [color-variant=light, base-color=skyblue] (#5E94FF->#5E94FF).
2024-03-05 09:33:24,178: INFO  – Color K2BT_FooterBackground changed for options [color-variant=light, base-color=red] (#EF4874->#EF4874).
2024-03-05 09:33:24,179: INFO  – Color K2BT_FooterBackground changed for options [color-variant=dark, base-color=violet] (#364953->#364953).
2024-03-05 09:33:24,180: INFO  – Color K2BT_FooterBackground changed for options [color-variant=dark, base-color=violetflat] (#364953->#364953).
2024-03-05 09:33:24,180: INFO  – Color K2BT_FooterBackground changed for options [color-variant=dark, base-color=green] (#364953->#364953).
2024-03-05 09:33:24,181: INFO  – Color K2BT_FooterBackground changed for options [color-variant=dark, base-color=skyblue] (#364953->#364953).
2024-03-05 09:33:24,182: INFO  – Color K2BT_FooterBackground changed for options [color-variant=dark, base-color=red] (#364953->#364953).
2024-03-05 09:33:24,183: INFO  – Color K2BT_FooterText changed (#fff->#fff).
2024-03-05 09:33:24,184: INFO  – Color K2BT_Accent changed for options [color-variant=light, base-color=violet] (#6015af->#6015af).
2024-03-05 09:33:24,185: INFO  – Color K2BT_Accent changed for options [color-variant=light, base-color=violetflat] (#5a6ee0->#5a6ee0).
2024-03-05 09:33:24,185: INFO  – Color K2BT_Accent changed for options [color-variant=light, base-color=green] (#2A898E->#2A898E).
2024-03-05 09:33:24,186: INFO  – Color K2BT_Accent changed for options [color-variant=light, base-color=skyblue] (#426AB5->#426AB5).
2024-03-05 09:33:24,187: INFO  – Color K2BT_Accent changed for options [color-variant=light, base-color=red] (#A83453->#A83453).
2024-03-05 09:33:24,189: INFO  – Color K2BT_Accent changed for options [color-variant=dark, base-color=violet] (#9d86ef->#9d86ef).
2024-03-05 09:33:24,190: INFO  – Color K2BT_Accent changed for options [color-variant=dark, base-color=violetflat] (#9d86ef->#9d86ef).
2024-03-05 09:33:24,191: INFO  – Color K2BT_Accent changed for options [color-variant=dark, base-color=green] (#35ADB4->#35ADB4).
2024-03-05 09:33:24,192: INFO  – Color K2BT_Accent changed for options [color-variant=dark, base-color=skyblue] (#5E94FF->#5E94FF).
2024-03-05 09:33:24,193: INFO  – Color K2BT_Accent changed for options [color-variant=dark, base-color=red] (#EF4874->#EF4874).
2024-03-05 09:33:24,193: INFO  – Color K2BT_AccentHover changed for options [color-variant=light, base-color=violet] (#6015afbb->#6015afbb).
2024-03-05 09:33:24,194: INFO  – Color K2BT_AccentHover changed for options [color-variant=light, base-color=violetflat] (#5a6ee0bb->#5a6ee0bb).
2024-03-05 09:33:24,195: INFO  – Color K2BT_AccentHover changed for options [color-variant=light, base-color=green] (#2A898Ebb->#2A898Ebb).
2024-03-05 09:33:24,196: INFO  – Color K2BT_AccentHover changed for options [color-variant=light, base-color=skyblue] (#426AB5bb->#426AB5bb).
2024-03-05 09:33:24,196: INFO  – Color K2BT_AccentHover changed for options [color-variant=light, base-color=red] (#A83453bb->#A83453bb).
2024-03-05 09:33:24,197: INFO  – Color K2BT_AccentHover changed for options [color-variant=dark, base-color=violet] (#9d86efbb->#9d86efbb).
2024-03-05 09:33:24,198: INFO  – Color K2BT_AccentHover changed for options [color-variant=dark, base-color=violetflat] (#9d86efbb->#9d86efbb).
2024-03-05 09:33:24,199: INFO  – Color K2BT_AccentHover changed for options [color-variant=dark, base-color=green] (#35ADB4bb->#35ADB4bb).
2024-03-05 09:33:24,200: INFO  – Color K2BT_AccentHover changed for options [color-variant=dark, base-color=skyblue] (#5E94FFbb->#5E94FFbb).
2024-03-05 09:33:24,200: INFO  – Color K2BT_AccentHover changed for options [color-variant=dark, base-color=red] (#EF4874bb->#EF4874bb).
2024-03-05 09:33:24,201: INFO  – Color K2BT_TextOverAccent changed (#fff->#fff).
2024-03-05 09:33:24,202: INFO  – Color K2BT_SelectedItemBackground changed for options [color-variant=light, base-color=violet] (#d7e6fc->#d7e6fc).
2024-03-05 09:33:24,203: INFO  – Color K2BT_SelectedItemBackground changed for options [color-variant=light, base-color=violetflat] (#eaecfa->#eaecfa).
2024-03-05 09:33:24,203: INFO  – Color K2BT_SelectedItemBackground changed for options [color-variant=light, base-color=green] (#eaecfa->#eaecfa).
2024-03-05 09:33:24,204: INFO  – Color K2BT_SelectedItemBackground changed for options [color-variant=light, base-color=skyblue] (#eaecfa->#eaecfa).
2024-03-05 09:33:24,205: INFO  – Color K2BT_SelectedItemBackground changed for options [color-variant=light, base-color=red] (#eaecfa->#eaecfa).
2024-03-05 09:33:24,206: INFO  – Color K2BT_SelectedItemBackground changed for options [color-variant=dark, base-color=violet] (#2b3940->#2b3940).
2024-03-05 09:33:24,207: INFO  – Color K2BT_SelectedItemBackground changed for options [color-variant=dark, base-color=violetflat] (#2b3940->#2b3940).
2024-03-05 09:33:24,208: INFO  – Color K2BT_SelectedItemBackground changed for options [color-variant=dark, base-color=green] (#2b3940->#2b3940).
2024-03-05 09:33:24,209: INFO  – Color K2BT_SelectedItemBackground changed for options [color-variant=dark, base-color=skyblue] (#2b3940->#2b3940).
2024-03-05 09:33:24,209: INFO  – Color K2BT_SelectedItemBackground changed for options [color-variant=dark, base-color=red] (#2b3940->#2b3940).
2024-03-05 09:33:24,210: INFO  – Color K2BT_MainButtonBorder changed for options [color-variant=light, base-color=violet] (#6015af->#6015af).
2024-03-05 09:33:24,211: INFO  – Color K2BT_MainButtonBorder changed for options [color-variant=light, base-color=violetflat] (#5a6ee0->#5a6ee0).
2024-03-05 09:33:24,212: INFO  – Color K2BT_MainButtonBorder changed for options [color-variant=light, base-color=green] (#2A898E->#2A898E).
2024-03-05 09:33:24,212: INFO  – Color K2BT_MainButtonBorder changed for options [color-variant=light, base-color=skyblue] (#426AB5->#426AB5).
2024-03-05 09:33:24,213: INFO  – Color K2BT_MainButtonBorder changed for options [color-variant=light, base-color=red] (#A83453->#A83453).
2024-03-05 09:33:24,214: INFO  – Color K2BT_MainButtonBorder changed for options [color-variant=dark, base-color=violet] (#cbdee7->#cbdee7).
2024-03-05 09:33:24,215: INFO  – Color K2BT_MainButtonBorder changed for options [color-variant=dark, base-color=violetflat] (#cbdee7->#cbdee7).
2024-03-05 09:33:24,216: INFO  – Color K2BT_MainButtonBorder changed for options [color-variant=dark, base-color=green] (#cbdee7->#cbdee7).
2024-03-05 09:33:24,216: INFO  – Color K2BT_MainButtonBorder changed for options [color-variant=dark, base-color=skyblue] (#cbdee7->#cbdee7).
2024-03-05 09:33:24,217: INFO  – Color K2BT_MainButtonBorder changed for options [color-variant=dark, base-color=red] (#cbdee7->#cbdee7).
2024-03-05 09:33:24,218: INFO  – Color K2BT_MainButtonBorderHover changed for options [color-variant=light, base-color=violet] (#6015afbb->#6015afbb).
2024-03-05 09:33:24,219: INFO  – Color K2BT_MainButtonBorderHover changed for options [color-variant=light, base-color=violetflat] (#5a6ee0bb->#5a6ee0bb).
2024-03-05 09:33:24,219: INFO  – Color K2BT_MainButtonBorderHover changed for options [color-variant=light, base-color=green] (#2A898Ebb->#2A898Ebb).
2024-03-05 09:33:24,220: INFO  – Color K2BT_MainButtonBorderHover changed for options [color-variant=light, base-color=skyblue] (#426AB5bb->#426AB5bb).
2024-03-05 09:33:24,221: INFO  – Color K2BT_MainButtonBorderHover changed for options [color-variant=light, base-color=red] (#A83453bb->#A83453bb).
2024-03-05 09:33:24,222: INFO  – Color K2BT_MainButtonBorderHover changed for options [color-variant=dark, base-color=violet] (#cbdee7bb->#cbdee7bb).
2024-03-05 09:33:24,223: INFO  – Color K2BT_MainButtonBorderHover changed for options [color-variant=dark, base-color=violetflat] (#cbdee7bb->#cbdee7bb).
2024-03-05 09:33:24,224: INFO  – Color K2BT_MainButtonBorderHover changed for options [color-variant=dark, base-color=green] (#cbdee7bb->#cbdee7bb).
2024-03-05 09:33:24,225: INFO  – Color K2BT_MainButtonBorderHover changed for options [color-variant=dark, base-color=skyblue] (#cbdee7bb->#cbdee7bb).
2024-03-05 09:33:24,225: INFO  – Color K2BT_MainButtonBorderHover changed for options [color-variant=dark, base-color=red] (#cbdee7bb->#cbdee7bb).
2024-03-05 09:33:24,226: INFO  – Color K2BT_MainButtonBackground changed for options [color-variant=light, base-color=violet] (#6015af->#6015af).
2024-03-05 09:33:24,227: INFO  – Color K2BT_MainButtonBackground changed for options [color-variant=light, base-color=violetflat] (#5a6ee0->#5a6ee0).
2024-03-05 09:33:24,228: INFO  – Color K2BT_MainButtonBackground changed for options [color-variant=light, base-color=green] (#2A898E->#2A898E).
2024-03-05 09:33:24,228: INFO  – Color K2BT_MainButtonBackground changed for options [color-variant=light, base-color=skyblue] (#426AB5->#426AB5).
2024-03-05 09:33:24,229: INFO  – Color K2BT_MainButtonBackground changed for options [color-variant=light, base-color=red] (#A83453->#A83453).
2024-03-05 09:33:24,230: INFO  – Color K2BT_MainButtonBackground changed for options [color-variant=dark, base-color=violet] (#364953->#364953).
2024-03-05 09:33:24,230: INFO  – Color K2BT_MainButtonBackground changed for options [color-variant=dark, base-color=violetflat] (#364953->#364953).
2024-03-05 09:33:24,231: INFO  – Color K2BT_MainButtonBackground changed for options [color-variant=dark, base-color=green] (#35ADB4->#35ADB4).
2024-03-05 09:33:24,232: INFO  – Color K2BT_MainButtonBackground changed for options [color-variant=dark, base-color=skyblue] (#5E94FF->#5E94FF).
2024-03-05 09:33:24,233: INFO  – Color K2BT_MainButtonBackground changed for options [color-variant=dark, base-color=red] (#EF4874->#EF4874).
2024-03-05 09:33:24,233: INFO  – Color K2BT_MainButtonBackgroundHover changed for options [color-variant=light, base-color=violet] (#6015afbb->#6015afbb).
2024-03-05 09:33:24,234: INFO  – Color K2BT_MainButtonBackgroundHover changed for options [color-variant=light, base-color=violetflat] (#5a6ee0bb->#5a6ee0bb).
2024-03-05 09:33:24,235: INFO  – Color K2BT_MainButtonBackgroundHover changed for options [color-variant=light, base-color=green] (#2A898Ebb->#2A898Ebb).
2024-03-05 09:33:24,236: INFO  – Color K2BT_MainButtonBackgroundHover changed for options [color-variant=light, base-color=skyblue] (#426AB5bb->#426AB5bb).
2024-03-05 09:33:24,238: INFO  – Color K2BT_MainButtonBackgroundHover changed for options [color-variant=light, base-color=red] (#A83453bb->#A83453bb).
2024-03-05 09:33:24,239: INFO  – Color K2BT_MainButtonBackgroundHover changed for options [color-variant=dark, base-color=violet] (#364953bb->#364953bb).
2024-03-05 09:33:24,239: INFO  – Color K2BT_MainButtonBackgroundHover changed for options [color-variant=dark, base-color=violetflat] (#364953bb->#364953bb).
2024-03-05 09:33:24,240: INFO  – Color K2BT_MainButtonBackgroundHover changed for options [color-variant=dark, base-color=green] (#35ADB4bb->#35ADB4bb).
2024-03-05 09:33:24,241: INFO  – Color K2BT_MainButtonBackgroundHover changed for options [color-variant=dark, base-color=skyblue] (#5E94FFbb->#5E94FFbb).
2024-03-05 09:33:24,242: INFO  – Color K2BT_MainButtonBackgroundHover changed for options [color-variant=dark, base-color=red] (#EF4874bb->#EF4874bb).
2024-03-05 09:33:24,242: INFO  – Color K2BT_TextOverMainButtonBackground changed for options [color-variant=light, base-color=violet] (#fff->#fff).
2024-03-05 09:33:24,243: INFO  – Color K2BT_TextOverMainButtonBackground changed for options [color-variant=light, base-color=violetflat] (#fff->#fff).
2024-03-05 09:33:24,244: INFO  – Color K2BT_TextOverMainButtonBackground changed for options [color-variant=light, base-color=green] (#fff->#fff).
2024-03-05 09:33:24,245: INFO  – Color K2BT_TextOverMainButtonBackground changed for options [color-variant=light, base-color=skyblue] (#fff->#fff).
2024-03-05 09:33:24,245: INFO  – Color K2BT_TextOverMainButtonBackground changed for options [color-variant=light, base-color=red] (#fff->#fff).
2024-03-05 09:33:24,246: INFO  – Color K2BT_TextOverMainButtonBackground changed for options [color-variant=dark, base-color=violet] (#cbdee7->#cbdee7).
2024-03-05 09:33:24,247: INFO  – Color K2BT_TextOverMainButtonBackground changed for options [color-variant=dark, base-color=violetflat] (#cbdee7->#cbdee7).
2024-03-05 09:33:24,248: INFO  – Color K2BT_TextOverMainButtonBackground changed for options [color-variant=dark, base-color=green] (#cbdee7->#cbdee7).
2024-03-05 09:33:24,248: INFO  – Color K2BT_TextOverMainButtonBackground changed for options [color-variant=dark, base-color=skyblue] (#cbdee7->#cbdee7).
2024-03-05 09:33:24,249: INFO  – Color K2BT_TextOverMainButtonBackground changed for options [color-variant=dark, base-color=red] (#cbdee7->#cbdee7).
2024-03-05 09:33:24,250: INFO  – Color K2BT_PaginationCurrentBackground changed for options [color-variant=light, base-color=violet] (#6015af->#6015af).
2024-03-05 09:33:24,251: INFO  – Color K2BT_PaginationCurrentBackground changed for options [color-variant=light, base-color=violetflat] (#5a6ee0->#5a6ee0).
2024-03-05 09:33:24,251: INFO  – Color K2BT_PaginationCurrentBackground changed for options [color-variant=light, base-color=green] (#2A898E->#2A898E).
2024-03-05 09:33:24,252: INFO  – Color K2BT_PaginationCurrentBackground changed for options [color-variant=light, base-color=skyblue] (#426AB5->#426AB5).
2024-03-05 09:33:24,253: INFO  – Color K2BT_PaginationCurrentBackground changed for options [color-variant=light, base-color=red] (#A83453->#A83453).
2024-03-05 09:33:24,254: INFO  – Color K2BT_PaginationCurrentBackground changed for options [color-variant=dark, base-color=violet] (#9d86ef->#9d86ef).
2024-03-05 09:33:24,255: INFO  – Color K2BT_PaginationCurrentBackground changed for options [color-variant=dark, base-color=violetflat] (#9d86ef->#9d86ef).
2024-03-05 09:33:24,256: INFO  – Color K2BT_PaginationCurrentBackground changed for options [color-variant=dark, base-color=green] (#35ADB4->#35ADB4).
2024-03-05 09:33:24,257: INFO  – Color K2BT_PaginationCurrentBackground changed for options [color-variant=dark, base-color=skyblue] (#5E94FF->#5E94FF).
2024-03-05 09:33:24,257: INFO  – Color K2BT_PaginationCurrentBackground changed for options [color-variant=dark, base-color=red] (#EF4874->#EF4874).
2024-03-05 09:33:24,258: INFO  – Color K2BT_PaginationCurrentText changed for options [color-variant=light, base-color=violet] (#fff->#fff).
2024-03-05 09:33:24,258: INFO  – Color K2BT_PaginationCurrentText changed for options [color-variant=light, base-color=violetflat] (#fff->#fff).
2024-03-05 09:33:24,259: INFO  – Color K2BT_PaginationCurrentText changed for options [color-variant=light, base-color=green] (#fff->#fff).
2024-03-05 09:33:24,260: INFO  – Color K2BT_PaginationCurrentText changed for options [color-variant=light, base-color=skyblue] (#fff->#fff).
2024-03-05 09:33:24,261: INFO  – Color K2BT_PaginationCurrentText changed for options [color-variant=light, base-color=red] (#fff->#fff).
2024-03-05 09:33:24,261: INFO  – Color K2BT_PaginationCurrentText changed for options [color-variant=dark, base-color=violet] (#37444e->#37444e).
2024-03-05 09:33:24,263: INFO  – Color K2BT_PaginationCurrentText changed for options [color-variant=dark, base-color=violetflat] (#37444e->#37444e).
2024-03-05 09:33:24,263: INFO  – Color K2BT_PaginationCurrentText changed for options [color-variant=dark, base-color=green] (#37444e->#37444e).
2024-03-05 09:33:24,264: INFO  – Color K2BT_PaginationCurrentText changed for options [color-variant=dark, base-color=skyblue] (#37444e->#37444e).
2024-03-05 09:33:24,265: INFO  – Color K2BT_PaginationCurrentText changed for options [color-variant=dark, base-color=red] (#37444e->#37444e).
2024-03-05 09:33:24,265: INFO  – Color K2BT_MsgError changed (#f04e23->#f04e23).
2024-03-05 09:33:24,266: INFO  – Color K2BT_MsgWarning changed (#f58220->#f58220).
2024-03-05 09:33:24,267: INFO  – Color K2BT_MsgSuccess changed (#0ec776->#0ec776).
2024-03-05 09:33:24,268: INFO  – Color K2BT_MsgInfo changed (#16b0c7->#16b0c7).
2024-03-05 09:33:24,268: INFO  – Color K2BT_ColumnNotOkBackground changed (#f4efea->#f4efea).
2024-03-05 09:33:24,270: INFO  – Color K2BT_ColumnGreenWithBackground changed (#009688->#009688).
2024-03-05 09:33:24,270: INFO  – Color K2BT_ColumnGreenWithBackgroundBackground changed (#e0f2f1->#e0f2f1).
2024-03-05 09:33:24,271: INFO  – Color K2BT_ColumnRedWithBackground changed (#f44336->#f44336).
2024-03-05 09:33:24,272: INFO  – Color K2BT_ColumnRedWithBackgroundBackground changed (#ffebee->#ffebee).
2024-03-05 09:33:24,273: INFO  – Color K2BT_ColumnBlueWithBackground changed (#2196f3->#2196f3).
2024-03-05 09:33:24,274: INFO  – Color K2BT_ColumnBlueWithBackgroundBackground changed (#e3f2fd->#e3f2fd).
2024-03-05 09:33:24,274: INFO  – Color K2BT_ColumnYellowWithBackground changed (#f9a825->#f9a825).
2024-03-05 09:33:24,275: INFO  – Color K2BT_ColumnYellowWithBackgroundBackground changed (#fffde7->#fffde7).
2024-03-05 09:33:24,276: INFO  – Color K2BT_AnalysisColor2 changed for options [color-variant=light, base-color=violet] (#EF4874->#EF4874).
2024-03-05 09:33:24,277: INFO  – Color K2BT_AnalysisColor2 changed for options [color-variant=light, base-color=violetflat] (#EF4874->#EF4874).
2024-03-05 09:33:24,277: INFO  – Color K2BT_AnalysisColor2 changed for options [color-variant=light, base-color=green] (#EF4874->#EF4874).
2024-03-05 09:33:24,278: INFO  – Color K2BT_AnalysisColor2 changed for options [color-variant=light, base-color=skyblue] (#EF4874->#EF4874).
2024-03-05 09:33:24,279: INFO  – Color K2BT_AnalysisColor2 changed for options [color-variant=light, base-color=red] (#EF4874->#EF4874).
2024-03-05 09:33:24,280: INFO  – Color K2BT_AnalysisColor2 changed for options [color-variant=dark, base-color=violet] (#FB836F->#FB836F).
2024-03-05 09:33:24,280: INFO  – Color K2BT_AnalysisColor2 changed for options [color-variant=dark, base-color=violetflat] (#FB836F->#FB836F).
2024-03-05 09:33:24,281: INFO  – Color K2BT_AnalysisColor2 changed for options [color-variant=dark, base-color=green] (#FB836F->#FB836F).
2024-03-05 09:33:24,282: INFO  – Color K2BT_AnalysisColor2 changed for options [color-variant=dark, base-color=skyblue] (#FB836F->#FB836F).
2024-03-05 09:33:24,283: INFO  – Color K2BT_AnalysisColor2 changed for options [color-variant=dark, base-color=red] (#FB836F->#FB836F).
2024-03-05 09:33:24,284: INFO  – Color K2BT_AnalysisColor3 changed for options [color-variant=light, base-color=violet] (#7142CE->#7142CE).
2024-03-05 09:33:24,285: INFO  – Color K2BT_AnalysisColor3 changed for options [color-variant=light, base-color=violetflat] (#7142CE->#7142CE).
2024-03-05 09:33:24,286: INFO  – Color K2BT_AnalysisColor3 changed for options [color-variant=light, base-color=green] (#7142CE->#7142CE).
2024-03-05 09:33:24,287: INFO  – Color K2BT_AnalysisColor3 changed for options [color-variant=light, base-color=skyblue] (#7142CE->#7142CE).
2024-03-05 09:33:24,287: INFO  – Color K2BT_AnalysisColor3 changed for options [color-variant=light, base-color=red] (#7142CE->#7142CE).
2024-03-05 09:33:24,288: INFO  – Color K2BT_AnalysisColor3 changed for options [color-variant=dark, base-color=violet] (#4FC0E8->#4FC0E8).
2024-03-05 09:33:24,289: INFO  – Color K2BT_AnalysisColor3 changed for options [color-variant=dark, base-color=violetflat] (#4FC0E8->#4FC0E8).
2024-03-05 09:33:24,290: INFO  – Color K2BT_AnalysisColor3 changed for options [color-variant=dark, base-color=green] (#4FC0E8->#4FC0E8).
2024-03-05 09:33:24,290: INFO  – Color K2BT_AnalysisColor3 changed for options [color-variant=dark, base-color=skyblue] (#4FC0E8->#4FC0E8).
2024-03-05 09:33:24,291: INFO  – Color K2BT_AnalysisColor3 changed for options [color-variant=dark, base-color=red] (#4FC0E8->#4FC0E8).
2024-03-05 09:33:24,292: INFO  – Color K2BT_AnalysisColor4 changed for options [color-variant=light, base-color=violet] (#35ADB4->#35ADB4).
2024-03-05 09:33:24,293: INFO  – Color K2BT_AnalysisColor4 changed for options [color-variant=light, base-color=violetflat] (#35ADB4->#35ADB4).
2024-03-05 09:33:24,293: INFO  – Color K2BT_AnalysisColor4 changed for options [color-variant=light, base-color=green] (#35ADB4->#35ADB4).
2024-03-05 09:33:24,294: INFO  – Color K2BT_AnalysisColor4 changed for options [color-variant=light, base-color=skyblue] (#35ADB4->#35ADB4).
2024-03-05 09:33:24,295: INFO  – Color K2BT_AnalysisColor4 changed for options [color-variant=light, base-color=red] (#35ADB4->#35ADB4).
2024-03-05 09:33:24,296: INFO  – Color K2BT_AnalysisColor4 changed for options [color-variant=dark, base-color=violet] (#8BC94D->#8BC94D).
2024-03-05 09:33:24,296: INFO  – Color K2BT_AnalysisColor4 changed for options [color-variant=dark, base-color=violetflat] (#8BC94D->#8BC94D).
2024-03-05 09:33:24,297: INFO  – Color K2BT_AnalysisColor4 changed for options [color-variant=dark, base-color=green] (#8BC94D->#8BC94D).
2024-03-05 09:33:24,298: INFO  – Color K2BT_AnalysisColor4 changed for options [color-variant=dark, base-color=skyblue] (#8BC94D->#8BC94D).
2024-03-05 09:33:24,299: INFO  – Color K2BT_AnalysisColor4 changed for options [color-variant=dark, base-color=red] (#8BC94D->#8BC94D).
2024-03-05 09:33:24,299: INFO  – Color K2BT_AnalysisColor5 changed for options [color-variant=light, base-color=violet] (#000F90->#000F90).
2024-03-05 09:33:24,300: INFO  – Color K2BT_AnalysisColor5 changed for options [color-variant=light, base-color=violetflat] (#000F90->#000F90).
2024-03-05 09:33:24,301: INFO  – Color K2BT_AnalysisColor5 changed for options [color-variant=light, base-color=green] (#000F90->#000F90).
2024-03-05 09:33:24,302: INFO  – Color K2BT_AnalysisColor5 changed for options [color-variant=light, base-color=skyblue] (#000F90->#000F90).
2024-03-05 09:33:24,303: INFO  – Color K2BT_AnalysisColor5 changed for options [color-variant=light, base-color=red] (#000F90->#000F90).
2024-03-05 09:33:24,304: INFO  – Color K2BT_AnalysisColor5 changed for options [color-variant=dark, base-color=violet] (#5E94FF->#5E94FF).
2024-03-05 09:33:24,304: INFO  – Color K2BT_AnalysisColor5 changed for options [color-variant=dark, base-color=violetflat] (#5E94FF->#5E94FF).
2024-03-05 09:33:24,305: INFO  – Color K2BT_AnalysisColor5 changed for options [color-variant=dark, base-color=green] (#5E94FF->#5E94FF).
2024-03-05 09:33:24,306: INFO  – Color K2BT_AnalysisColor5 changed for options [color-variant=dark, base-color=skyblue] (#5E94FF->#5E94FF).
2024-03-05 09:33:24,307: INFO  – Color K2BT_AnalysisColor5 changed for options [color-variant=dark, base-color=red] (#5E94FF->#5E94FF).
2024-03-05 09:33:24,308: INFO  – Color K2BT_GenericFilterForeground changed for options [color-variant=light, base-color=violet] (#424242->#424242).
2024-03-05 09:33:24,308: INFO  – Color K2BT_GenericFilterForeground changed for options [color-variant=light, base-color=violetflat] (#424242->#424242).
2024-03-05 09:33:24,309: INFO  – Color K2BT_GenericFilterForeground changed for options [color-variant=light, base-color=green] (#424242->#424242).
2024-03-05 09:33:24,310: INFO  – Color K2BT_GenericFilterForeground changed for options [color-variant=light, base-color=skyblue] (#424242->#424242).
2024-03-05 09:33:24,311: INFO  – Color K2BT_GenericFilterForeground changed for options [color-variant=light, base-color=red] (#424242->#424242).
2024-03-05 09:33:24,311: INFO  – Color K2BT_GenericFilterForeground changed for options [color-variant=dark, base-color=violet] (#cbdee7->#cbdee7).
2024-03-05 09:33:24,312: INFO  – Color K2BT_GenericFilterForeground changed for options [color-variant=dark, base-color=violetflat] (#cbdee7->#cbdee7).
2024-03-05 09:33:24,313: INFO  – Color K2BT_GenericFilterForeground changed for options [color-variant=dark, base-color=green] (#cbdee7->#cbdee7).
2024-03-05 09:33:24,313: INFO  – Color K2BT_GenericFilterForeground changed for options [color-variant=dark, base-color=skyblue] (#cbdee7->#cbdee7).
2024-03-05 09:33:24,314: INFO  – Color K2BT_GenericFilterForeground changed for options [color-variant=dark, base-color=red] (#cbdee7->#cbdee7).
2024-03-05 09:33:24,315: INFO  – Color K2BT_GenericFilterBackground changed for options [color-variant=light, base-color=violet] (#f4f8fb->#f4f8fb).
2024-03-05 09:33:24,316: INFO  – Color K2BT_GenericFilterBackground changed for options [color-variant=light, base-color=violetflat] (transparent->transparent).
2024-03-05 09:33:24,318: INFO  – Color K2BT_GenericFilterBackground changed for options [color-variant=light, base-color=green] (transparent->transparent).
2024-03-05 09:33:24,318: INFO  – Color K2BT_GenericFilterBackground changed for options [color-variant=light, base-color=skyblue] (transparent->transparent).
2024-03-05 09:33:24,319: INFO  – Color K2BT_GenericFilterBackground changed for options [color-variant=light, base-color=red] (transparent->transparent).
2024-03-05 09:33:24,320: INFO  – Color K2BT_GenericFilterBackground changed for options [color-variant=dark, base-color=violet] (transparent->transparent).
2024-03-05 09:33:24,321: INFO  – Color K2BT_GenericFilterBackground changed for options [color-variant=dark, base-color=violetflat] (transparent->transparent).
2024-03-05 09:33:24,321: INFO  – Color K2BT_GenericFilterBackground changed for options [color-variant=dark, base-color=green] (transparent->transparent).
2024-03-05 09:33:24,322: INFO  – Color K2BT_GenericFilterBackground changed for options [color-variant=dark, base-color=skyblue] (transparent->transparent).
2024-03-05 09:33:24,323: INFO  – Color K2BT_GenericFilterBackground changed for options [color-variant=dark, base-color=red] (transparent->transparent).
2024-03-05 09:33:24,324: INFO  – Color K2BT_GridTitle changed for options [color-variant=light, base-color=violet] (#000->#000).
2024-03-05 09:33:24,324: INFO  – Color K2BT_GridTitle changed for options [color-variant=light, base-color=violetflat] (#fff->#fff).
2024-03-05 09:33:24,325: INFO  – Color K2BT_GridTitle changed for options [color-variant=light, base-color=green] (#fff->#fff).
2024-03-05 09:33:24,326: INFO  – Color K2BT_GridTitle changed for options [color-variant=light, base-color=skyblue] (#fff->#fff).
2024-03-05 09:33:24,327: INFO  – Color K2BT_GridTitle changed for options [color-variant=light, base-color=red] (#fff->#fff).
2024-03-05 09:33:24,327: INFO  – Color K2BT_GridTitle changed for options [color-variant=dark, base-color=violet] (#cbdee7->#cbdee7).
2024-03-05 09:33:24,328: INFO  – Color K2BT_GridTitle changed for options [color-variant=dark, base-color=violetflat] (#cbdee7->#cbdee7).
2024-03-05 09:33:24,329: INFO  – Color K2BT_GridTitle changed for options [color-variant=dark, base-color=green] (#cbdee7->#cbdee7).
2024-03-05 09:33:24,330: INFO  – Color K2BT_GridTitle changed for options [color-variant=dark, base-color=skyblue] (#cbdee7->#cbdee7).
2024-03-05 09:33:24,331: INFO  – Color K2BT_GridTitle changed for options [color-variant=dark, base-color=red] (#cbdee7->#cbdee7).
2024-03-05 09:33:24,332: INFO  – Color K2BT_GridTitleBackground changed for options [color-variant=light, base-color=violet] (#E7F1FE->#E7F1FE).
2024-03-05 09:33:24,332: INFO  – Color K2BT_GridTitleBackground changed for options [color-variant=light, base-color=violetflat] (#465c66->#465c66).
2024-03-05 09:33:24,334: INFO  – Color K2BT_GridTitleBackground changed for options [color-variant=light, base-color=green] (#35ADB4->#35ADB4).
2024-03-05 09:33:24,335: INFO  – Color K2BT_GridTitleBackground changed for options [color-variant=light, base-color=skyblue] (#5E94FF->#5E94FF).
2024-03-05 09:33:24,335: INFO  – Color K2BT_GridTitleBackground changed for options [color-variant=light, base-color=red] (#EF4874->#EF4874).
2024-03-05 09:33:24,336: INFO  – Color K2BT_GridTitleBackground changed for options [color-variant=dark, base-color=violet] (#273941->#273941).
2024-03-05 09:33:24,336: INFO  – Color K2BT_GridTitleBackground changed for options [color-variant=dark, base-color=violetflat] (#273941->#273941).
2024-03-05 09:33:24,337: INFO  – Color K2BT_GridTitleBackground changed for options [color-variant=dark, base-color=green] (#273941->#273941).
2024-03-05 09:33:24,338: INFO  – Color K2BT_GridTitleBackground changed for options [color-variant=dark, base-color=skyblue] (#273941->#273941).
2024-03-05 09:33:24,339: INFO  – Color K2BT_GridTitleBackground changed for options [color-variant=dark, base-color=red] (#273941->#273941).
2024-03-05 09:33:24,339: INFO  – Color K2BT_GridRowOddBackground changed for options [color-variant=light, base-color=violet] (#ffffff->#ffffff).
2024-03-05 09:33:24,340: INFO  – Color K2BT_GridRowOddBackground changed for options [color-variant=light, base-color=violetflat] (#ffffff->#ffffff).
2024-03-05 09:33:24,341: INFO  – Color K2BT_GridRowOddBackground changed for options [color-variant=light, base-color=green] (#ffffff->#ffffff).
2024-03-05 09:33:24,342: INFO  – Color K2BT_GridRowOddBackground changed for options [color-variant=light, base-color=skyblue] (#ffffff->#ffffff).
2024-03-05 09:33:24,342: INFO  – Color K2BT_GridRowOddBackground changed for options [color-variant=light, base-color=red] (#ffffff->#ffffff).
2024-03-05 09:33:24,343: INFO  – Color K2BT_GridRowOddBackground changed for options [color-variant=dark, base-color=violet] (#364953->#364953).
2024-03-05 09:33:24,344: INFO  – Color K2BT_GridRowOddBackground changed for options [color-variant=dark, base-color=violetflat] (#364953->#364953).
2024-03-05 09:33:24,345: INFO  – Color K2BT_GridRowOddBackground changed for options [color-variant=dark, base-color=green] (#364953->#364953).
2024-03-05 09:33:24,345: INFO  – Color K2BT_GridRowOddBackground changed for options [color-variant=dark, base-color=skyblue] (#364953->#364953).
2024-03-05 09:33:24,346: INFO  – Color K2BT_GridRowOddBackground changed for options [color-variant=dark, base-color=red] (#364953->#364953).
2024-03-05 09:33:24,347: INFO  – Color K2BT_GridRowEvenBackground changed for options [color-variant=light, base-color=violet] (#F1F6F9->#F1F6F9).
2024-03-05 09:33:24,348: INFO  – Color K2BT_GridRowEvenBackground changed for options [color-variant=light, base-color=violetflat] (#F1F6F9->#F1F6F9).
2024-03-05 09:33:24,349: INFO  – Color K2BT_GridRowEvenBackground changed for options [color-variant=light, base-color=green] (#F1F6F9->#F1F6F9).
2024-03-05 09:33:24,350: INFO  – Color K2BT_GridRowEvenBackground changed for options [color-variant=light, base-color=skyblue] (#F1F6F9->#F1F6F9).
2024-03-05 09:33:24,351: INFO  – Color K2BT_GridRowEvenBackground changed for options [color-variant=light, base-color=red] (#F1F6F9->#F1F6F9).
2024-03-05 09:33:24,351: INFO  – Color K2BT_GridRowEvenBackground changed for options [color-variant=dark, base-color=violet] (#32454F->#32454F).
2024-03-05 09:33:24,352: INFO  – Color K2BT_GridRowEvenBackground changed for options [color-variant=dark, base-color=violetflat] (#32454F->#32454F).
2024-03-05 09:33:24,353: INFO  – Color K2BT_GridRowEvenBackground changed for options [color-variant=dark, base-color=green] (#32454F->#32454F).
2024-03-05 09:33:24,354: INFO  – Color K2BT_GridRowEvenBackground changed for options [color-variant=dark, base-color=skyblue] (#32454F->#32454F).
2024-03-05 09:33:24,354: INFO  – Color K2BT_GridRowEvenBackground changed for options [color-variant=dark, base-color=red] (#32454F->#32454F).
2024-03-05 09:33:24,355: INFO  – Color K2BT_GridTitleBackgroundHover changed for options [color-variant=light, base-color=violet] (#d7e6fc->#d7e6fc).
2024-03-05 09:33:24,356: INFO  – Color K2BT_GridTitleBackgroundHover changed for options [color-variant=light, base-color=violetflat] (#303e47->#303e47).
2024-03-05 09:33:24,357: INFO  – Color K2BT_GridTitleBackgroundHover changed for options [color-variant=light, base-color=green] (#35ADB4dd->#35ADB4dd).
2024-03-05 09:33:24,357: INFO  – Color K2BT_GridTitleBackgroundHover changed for options [color-variant=light, base-color=skyblue] (#5E94FFdd->#5E94FFdd).
2024-03-05 09:33:24,358: INFO  – Color K2BT_GridTitleBackgroundHover changed for options [color-variant=light, base-color=red] (#EF4874dd->#EF4874dd).
2024-03-05 09:33:24,359: INFO  – Color K2BT_GridTitleBackgroundHover changed for options [color-variant=dark, base-color=violet] (#303e47->#303e47).
2024-03-05 09:33:24,360: INFO  – Color K2BT_GridTitleBackgroundHover changed for options [color-variant=dark, base-color=violetflat] (#303e47->#303e47).
2024-03-05 09:33:24,360: INFO  – Color K2BT_GridTitleBackgroundHover changed for options [color-variant=dark, base-color=green] (#303e47->#303e47).
2024-03-05 09:33:24,361: INFO  – Color K2BT_GridTitleBackgroundHover changed for options [color-variant=dark, base-color=skyblue] (#303e47->#303e47).
2024-03-05 09:33:24,362: INFO  – Color K2BT_GridTitleBackgroundHover changed for options [color-variant=dark, base-color=red] (#303e47->#303e47).
2024-03-05 09:33:24,363: INFO  – Color K2BT_GridTitleBorder changed (#ebebeb->#ebebeb).
2024-03-05 09:33:24,364: INFO  – Color K2BT_GridBodyBackground changed (#fff->#fff).
2024-03-05 09:33:24,365: INFO  – Color K2BT_GridRowHover changed for options [color-variant=light, base-color=violet] (#e9f1fd->#e9f1fd).
2024-03-05 09:33:24,366: INFO  – Color K2BT_GridRowHover changed for options [color-variant=light, base-color=violetflat] (#f3f5fc->#f3f5fc).
2024-03-05 09:33:24,367: INFO  – Color K2BT_GridRowHover changed for options [color-variant=light, base-color=green] (#f3f5fc->#f3f5fc).
2024-03-05 09:33:24,367: INFO  – Color K2BT_GridRowHover changed for options [color-variant=light, base-color=skyblue] (#f3f5fc->#f3f5fc).
2024-03-05 09:33:24,368: INFO  – Color K2BT_GridRowHover changed for options [color-variant=light, base-color=red] (#f3f5fc->#f3f5fc).
2024-03-05 09:33:24,369: INFO  – Color K2BT_GridRowHover changed for options [color-variant=dark, base-color=violet] (#303e47->#303e47).
2024-03-05 09:33:24,370: INFO  – Color K2BT_GridRowHover changed for options [color-variant=dark, base-color=violetflat] (#303e47->#303e47).
2024-03-05 09:33:24,370: INFO  – Color K2BT_GridRowHover changed for options [color-variant=dark, base-color=green] (#303e47->#303e47).
2024-03-05 09:33:24,371: INFO  – Color K2BT_GridRowHover changed for options [color-variant=dark, base-color=skyblue] (#303e47->#303e47).
2024-03-05 09:33:24,372: INFO  – Color K2BT_GridRowHover changed for options [color-variant=dark, base-color=red] (#303e47->#303e47).
2024-03-05 09:33:24,373: INFO  – Color K2BT_GridRowBorder changed (#ebebeb->#ebebeb).
2024-03-05 09:33:24,373: INFO  – Color K2BT_FilterTagBorder changed (#b7b7b7->#b7b7b7).
2024-03-05 09:33:24,374: INFO  – Color K2BT_FilterBackground changed (#f5f6f6->#f5f6f6).
2024-03-05 09:33:24,375: INFO  – Color K2BT_GridTitleFilterIcon changed for options [color-variant=light, base-color=violet] (#6015AF->#6015AF).
2024-03-05 09:33:24,376: INFO  – Color K2BT_GridTitleFilterIcon changed for options [color-variant=light, base-color=violetflat] (#fff->#fff).
2024-03-05 09:33:24,376: INFO  – Color K2BT_GridTitleFilterIcon changed for options [color-variant=light, base-color=green] (#fff->#fff).
2024-03-05 09:33:24,377: INFO  – Color K2BT_GridTitleFilterIcon changed for options [color-variant=light, base-color=skyblue] (#fff->#fff).
2024-03-05 09:33:24,378: INFO  – Color K2BT_GridTitleFilterIcon changed for options [color-variant=light, base-color=red] (#fff->#fff).
2024-03-05 09:33:24,379: INFO  – Color K2BT_GridTitleFilterIcon changed for options [color-variant=dark, base-color=violet] (#9d86ef->#9d86ef).
2024-03-05 09:33:24,380: INFO  – Color K2BT_GridTitleFilterIcon changed for options [color-variant=dark, base-color=violetflat] (#9d86ef->#9d86ef).
2024-03-05 09:33:24,380: INFO  – Color K2BT_GridTitleFilterIcon changed for options [color-variant=dark, base-color=green] (#9d86ef->#9d86ef).
2024-03-05 09:33:24,382: INFO  – Color K2BT_GridTitleFilterIcon changed for options [color-variant=dark, base-color=skyblue] (#9d86ef->#9d86ef).
2024-03-05 09:33:24,382: INFO  – Color K2BT_GridTitleFilterIcon changed for options [color-variant=dark, base-color=red] (#9d86ef->#9d86ef).
2024-03-05 09:33:24,383: INFO  – Color K2BT_FieldContent changed for options [color-variant=light, base-color=violet] (#000->#000).
2024-03-05 09:33:24,385: INFO  – Color K2BT_FieldContent changed for options [color-variant=light, base-color=violetflat] (#000->#000).
2024-03-05 09:33:24,385: INFO  – Color K2BT_FieldContent changed for options [color-variant=light, base-color=green] (#000->#000).
2024-03-05 09:33:24,386: INFO  – Color K2BT_FieldContent changed for options [color-variant=light, base-color=skyblue] (#000->#000).
2024-03-05 09:33:24,387: INFO  – Color K2BT_FieldContent changed for options [color-variant=light, base-color=red] (#000->#000).
2024-03-05 09:33:24,388: INFO  – Color K2BT_FieldContent changed for options [color-variant=dark, base-color=violet] (#cbdee7->#cbdee7).
2024-03-05 09:33:24,388: INFO  – Color K2BT_FieldContent changed for options [color-variant=dark, base-color=violetflat] (#cbdee7->#cbdee7).
2024-03-05 09:33:24,389: INFO  – Color K2BT_FieldContent changed for options [color-variant=dark, base-color=green] (#cbdee7->#cbdee7).
2024-03-05 09:33:24,390: INFO  – Color K2BT_FieldContent changed for options [color-variant=dark, base-color=skyblue] (#cbdee7->#cbdee7).
2024-03-05 09:33:24,391: INFO  – Color K2BT_FieldContent changed for options [color-variant=dark, base-color=red] (#cbdee7->#cbdee7).
2024-03-05 09:33:24,391: INFO  – Color K2BT_FieldBackground changed for options [color-variant=light, base-color=violet] (#F1F6F9->#F1F6F9).
2024-03-05 09:33:24,392: INFO  – Color K2BT_FieldBackground changed for options [color-variant=light, base-color=violetflat] (#F1F6F9->#F1F6F9).
2024-03-05 09:33:24,393: INFO  – Color K2BT_FieldBackground changed for options [color-variant=light, base-color=green] (#F1F6F9->#F1F6F9).
2024-03-05 09:33:24,394: INFO  – Color K2BT_FieldBackground changed for options [color-variant=light, base-color=skyblue] (#F1F6F9->#F1F6F9).
2024-03-05 09:33:24,394: INFO  – Color K2BT_FieldBackground changed for options [color-variant=light, base-color=red] (#F1F6F9->#F1F6F9).
2024-03-05 09:33:24,395: INFO  – Color K2BT_FieldBackground changed for options [color-variant=dark, base-color=violet] (#32444f->#32444f).
2024-03-05 09:33:24,396: INFO  – Color K2BT_FieldBackground changed for options [color-variant=dark, base-color=violetflat] (#32444f->#32444f).
2024-03-05 09:33:24,397: INFO  – Color K2BT_FieldBackground changed for options [color-variant=dark, base-color=green] (#32444f->#32444f).
2024-03-05 09:33:24,398: INFO  – Color K2BT_FieldBackground changed for options [color-variant=dark, base-color=skyblue] (#32444f->#32444f).
2024-03-05 09:33:24,399: INFO  – Color K2BT_FieldBackground changed for options [color-variant=dark, base-color=red] (#32444f->#32444f).
2024-03-05 09:33:24,400: INFO  – Color K2BT_Label changed for options [color-variant=light, base-color=violet] (#000->#000).
2024-03-05 09:33:24,400: INFO  – Color K2BT_Label changed for options [color-variant=light, base-color=violetflat] (#000->#000).
2024-03-05 09:33:24,401: INFO  – Color K2BT_Label changed for options [color-variant=light, base-color=green] (#000->#000).
2024-03-05 09:33:24,402: INFO  – Color K2BT_Label changed for options [color-variant=light, base-color=skyblue] (#000->#000).
2024-03-05 09:33:24,402: INFO  – Color K2BT_Label changed for options [color-variant=light, base-color=red] (#000->#000).
2024-03-05 09:33:24,403: INFO  – Color K2BT_Label changed for options [color-variant=dark, base-color=violet] (#CFE2EB->#CFE2EB).
2024-03-05 09:33:24,404: INFO  – Color K2BT_Label changed for options [color-variant=dark, base-color=violetflat] (#CFE2EB->#CFE2EB).
2024-03-05 09:33:24,405: INFO  – Color K2BT_Label changed for options [color-variant=dark, base-color=green] (#CFE2EB->#CFE2EB).
2024-03-05 09:33:24,405: INFO  – Color K2BT_Label changed for options [color-variant=dark, base-color=skyblue] (#CFE2EB->#CFE2EB).
2024-03-05 09:33:24,406: INFO  – Color K2BT_Label changed for options [color-variant=dark, base-color=red] (#CFE2EB->#CFE2EB).
2024-03-05 09:33:24,407: INFO  – Color K2BT_FieldBorder changed (#b7b7b7->#b7b7b7).
2024-03-05 09:33:24,408: INFO  – Color K2BT_RequiredText changed for options [color-variant=light, base-color=violet] (#c00->#c00).
2024-03-05 09:33:24,408: INFO  – Color K2BT_RequiredText changed for options [color-variant=light, base-color=violetflat] (#c00->#c00).
2024-03-05 09:33:24,409: INFO  – Color K2BT_RequiredText changed for options [color-variant=light, base-color=green] (#c00->#c00).
2024-03-05 09:33:24,410: INFO  – Color K2BT_RequiredText changed for options [color-variant=light, base-color=skyblue] (#c00->#c00).
2024-03-05 09:33:24,411: INFO  – Color K2BT_RequiredText changed for options [color-variant=light, base-color=red] (#c00->#c00).
2024-03-05 09:33:24,411: INFO  – Color K2BT_RequiredText changed for options [color-variant=dark, base-color=violet] (#EF4874->#EF4874).
2024-03-05 09:33:24,412: INFO  – Color K2BT_RequiredText changed for options [color-variant=dark, base-color=violetflat] (#EF4874->#EF4874).
2024-03-05 09:33:24,413: INFO  – Color K2BT_RequiredText changed for options [color-variant=dark, base-color=green] (#EF4874->#EF4874).
2024-03-05 09:33:24,414: INFO  – Color K2BT_RequiredText changed for options [color-variant=dark, base-color=skyblue] (#EF4874->#EF4874).
2024-03-05 09:33:24,415: INFO  – Color K2BT_RequiredText changed for options [color-variant=dark, base-color=red] (#EF4874->#EF4874).
2024-03-05 09:33:24,416: INFO  – Color K2BT_EnhancedComboDetail changed for options [color-variant=light, base-color=violet] (#717171->#717171).
2024-03-05 09:33:24,417: INFO  – Color K2BT_EnhancedComboDetail changed for options [color-variant=light, base-color=violetflat] (#717171->#717171).
2024-03-05 09:33:24,417: INFO  – Color K2BT_EnhancedComboDetail changed for options [color-variant=light, base-color=green] (#717171->#717171).
2024-03-05 09:33:24,418: INFO  – Color K2BT_EnhancedComboDetail changed for options [color-variant=light, base-color=skyblue] (#717171->#717171).
2024-03-05 09:33:24,419: INFO  – Color K2BT_EnhancedComboDetail changed for options [color-variant=light, base-color=red] (#717171->#717171).
2024-03-05 09:33:24,420: INFO  – Color K2BT_EnhancedComboDetail changed for options [color-variant=dark, base-color=violet] (#cbdee7->#cbdee7).
2024-03-05 09:33:24,420: INFO  – Color K2BT_EnhancedComboDetail changed for options [color-variant=dark, base-color=violetflat] (#cbdee7->#cbdee7).
2024-03-05 09:33:24,421: INFO  – Color K2BT_EnhancedComboDetail changed for options [color-variant=dark, base-color=green] (#cbdee7->#cbdee7).
2024-03-05 09:33:24,422: INFO  – Color K2BT_EnhancedComboDetail changed for options [color-variant=dark, base-color=skyblue] (#cbdee7->#cbdee7).
2024-03-05 09:33:24,423: INFO  – Color K2BT_EnhancedComboDetail changed for options [color-variant=dark, base-color=red] (#cbdee7->#cbdee7).
2024-03-05 09:33:24,423: INFO  – Color K2BT_BoldText changed (#333333->#333333).
2024-03-05 09:33:24,424: INFO  – Color K2BT_ButtonSecondaryText changed for options [color-variant=light, base-color=violet] (#FFFFFF->#FFFFFF).
2024-03-05 09:33:24,425: INFO  – Color K2BT_ButtonSecondaryText changed for options [color-variant=light, base-color=violetflat] (#FFFFFF->#FFFFFF).
2024-03-05 09:33:24,426: INFO  – Color K2BT_ButtonSecondaryText changed for options [color-variant=light, base-color=green] (#FFFFFF->#FFFFFF).
2024-03-05 09:33:24,427: INFO  – Color K2BT_ButtonSecondaryText changed for options [color-variant=light, base-color=skyblue] (#FFFFFF->#FFFFFF).
2024-03-05 09:33:24,428: INFO  – Color K2BT_ButtonSecondaryText changed for options [color-variant=light, base-color=red] (#FFFFFF->#FFFFFF).
2024-03-05 09:33:24,428: INFO  – Color K2BT_ButtonSecondaryText changed for options [color-variant=dark, base-color=violet] (#cbdee7->#cbdee7).
2024-03-05 09:33:24,430: INFO  – Color K2BT_ButtonSecondaryText changed for options [color-variant=dark, base-color=violetflat] (#cbdee7->#cbdee7).
2024-03-05 09:33:24,430: INFO  – Color K2BT_ButtonSecondaryText changed for options [color-variant=dark, base-color=green] (#cbdee7->#cbdee7).
2024-03-05 09:33:24,431: INFO  – Color K2BT_ButtonSecondaryText changed for options [color-variant=dark, base-color=skyblue] (#cbdee7->#cbdee7).
2024-03-05 09:33:24,432: INFO  – Color K2BT_ButtonSecondaryText changed for options [color-variant=dark, base-color=red] (#cbdee7->#cbdee7).
2024-03-05 09:33:24,433: INFO  – Color K2BT_ButtonSecondaryTextHover changed (#FFFFFF->#FFFFFF).
2024-03-05 09:33:24,433: INFO  – Color K2BT_ButtonSecondaryBackground changed (#7F7F7F->#7F7F7F).
2024-03-05 09:33:24,434: INFO  – Color K2BT_ButtonSecondaryBackgroundHover changed (#7f7f7fee->#7f7f7fee).
2024-03-05 09:33:24,435: INFO  – Color K2BT_EnhancedComboDescription changed for options [color-variant=light, base-color=violet] (#464646->#464646).
2024-03-05 09:33:24,435: INFO  – Color K2BT_EnhancedComboDescription changed for options [color-variant=light, base-color=violetflat] (#464646->#464646).
2024-03-05 09:33:24,436: INFO  – Color K2BT_EnhancedComboDescription changed for options [color-variant=light, base-color=green] (#464646->#464646).
2024-03-05 09:33:24,437: INFO  – Color K2BT_EnhancedComboDescription changed for options [color-variant=light, base-color=skyblue] (#464646->#464646).
2024-03-05 09:33:24,438: INFO  – Color K2BT_EnhancedComboDescription changed for options [color-variant=light, base-color=red] (#464646->#464646).
2024-03-05 09:33:24,438: INFO  – Color K2BT_EnhancedComboDescription changed for options [color-variant=dark, base-color=violet] (#cbdee7->#cbdee7).
2024-03-05 09:33:24,439: INFO  – Color K2BT_EnhancedComboDescription changed for options [color-variant=dark, base-color=violetflat] (#cbdee7->#cbdee7).
2024-03-05 09:33:24,440: INFO  – Color K2BT_EnhancedComboDescription changed for options [color-variant=dark, base-color=green] (#cbdee7->#cbdee7).
2024-03-05 09:33:24,440: INFO  – Color K2BT_EnhancedComboDescription changed for options [color-variant=dark, base-color=skyblue] (#cbdee7->#cbdee7).
2024-03-05 09:33:24,441: INFO  – Color K2BT_EnhancedComboDescription changed for options [color-variant=dark, base-color=red] (#cbdee7->#cbdee7).
2024-03-05 09:33:24,442: INFO  – Color K2BT_ListItemBorder changed (#ebebeb->#ebebeb).
2024-03-05 09:33:24,443: INFO  – Color K2BT_DisabledText changed (#999->#999).
2024-03-05 09:33:24,444: INFO  – Color K2BT_ImagePlaceholderBackground changed (#f5f5f5->#f5f5f5).
2024-03-05 09:33:24,445: INFO  – Color K2BT_StepBackground changed (#959595->#959595).
2024-03-05 09:33:24,446: INFO  – Color K2BT_OptionalStepBackground changed (#7a7878->#7a7878).
2024-03-05 09:33:24,446: INFO  – Color K2BT_WizardBorder changed (#b7b7b7->#b7b7b7).
2024-03-05 09:33:24,447: INFO  – Color K2BT_MenuBackground changed for options [color-variant=light, base-color=violet] (#ffffff->#ffffff).
2024-03-05 09:33:24,448: INFO  – Color K2BT_MenuBackground changed for options [color-variant=light, base-color=violetflat] (#364953->#364953).
2024-03-05 09:33:24,449: INFO  – Color K2BT_MenuBackground changed for options [color-variant=light, base-color=green] (#fff->#fff).
2024-03-05 09:33:24,449: INFO  – Color K2BT_MenuBackground changed for options [color-variant=light, base-color=skyblue] (#fff->#fff).
2024-03-05 09:33:24,450: INFO  – Color K2BT_MenuBackground changed for options [color-variant=light, base-color=red] (#fff->#fff).
2024-03-05 09:33:24,451: INFO  – Color K2BT_MenuBackground changed for options [color-variant=dark, base-color=violet] (#364953->#364953).
2024-03-05 09:33:24,452: INFO  – Color K2BT_MenuBackground changed for options [color-variant=dark, base-color=violetflat] (#364953->#364953).
2024-03-05 09:33:24,452: INFO  – Color K2BT_MenuBackground changed for options [color-variant=dark, base-color=green] (#364953->#364953).
2024-03-05 09:33:24,453: INFO  – Color K2BT_MenuBackground changed for options [color-variant=dark, base-color=skyblue] (#364953->#364953).
2024-03-05 09:33:24,454: INFO  – Color K2BT_MenuBackground changed for options [color-variant=dark, base-color=red] (#364953->#364953).
2024-03-05 09:33:24,455: INFO  – Color K2BT_ContentBackground changed for options [color-variant=light, base-color=violet] (#f4f8fb->#f4f8fb).
2024-03-05 09:33:24,455: INFO  – Color K2BT_ContentBackground changed for options [color-variant=light, base-color=violetflat] (#e5eae8->#e5eae8).
2024-03-05 09:33:24,457: INFO  – Color K2BT_ContentBackground changed for options [color-variant=light, base-color=green] (#f4f8fb->#f4f8fb).
2024-03-05 09:33:24,458: INFO  – Color K2BT_ContentBackground changed for options [color-variant=light, base-color=skyblue] (#f4f8fb->#f4f8fb).
2024-03-05 09:33:24,458: INFO  – Color K2BT_ContentBackground changed for options [color-variant=light, base-color=red] (#f4f8fb->#f4f8fb).
2024-03-05 09:33:24,459: INFO  – Color K2BT_ContentBackground changed for options [color-variant=dark, base-color=violet] (#273941->#273941).
2024-03-05 09:33:24,460: INFO  – Color K2BT_ContentBackground changed for options [color-variant=dark, base-color=violetflat] (#273941->#273941).
2024-03-05 09:33:24,461: INFO  – Color K2BT_ContentBackground changed for options [color-variant=dark, base-color=green] (#273941->#273941).
2024-03-05 09:33:24,462: INFO  – Color K2BT_ContentBackground changed for options [color-variant=dark, base-color=skyblue] (#273941->#273941).
2024-03-05 09:33:24,463: INFO  – Color K2BT_ContentBackground changed for options [color-variant=dark, base-color=red] (#273941->#273941).
2024-03-05 09:33:24,463: INFO  – Color K2BT_ContentBackgroundText changed for options [color-variant=light, base-color=violet] (#424242->#424242).
2024-03-05 09:33:24,464: INFO  – Color K2BT_ContentBackgroundText changed for options [color-variant=light, base-color=violetflat] (#424242->#424242).
2024-03-05 09:33:24,465: INFO  – Color K2BT_ContentBackgroundText changed for options [color-variant=light, base-color=green] (#424242->#424242).
2024-03-05 09:33:24,466: INFO  – Color K2BT_ContentBackgroundText changed for options [color-variant=light, base-color=skyblue] (#424242->#424242).
2024-03-05 09:33:24,466: INFO  – Color K2BT_ContentBackgroundText changed for options [color-variant=light, base-color=red] (#424242->#424242).
2024-03-05 09:33:24,467: INFO  – Color K2BT_ContentBackgroundText changed for options [color-variant=dark, base-color=violet] (#cbdee7->#cbdee7).
2024-03-05 09:33:24,468: INFO  – Color K2BT_ContentBackgroundText changed for options [color-variant=dark, base-color=violetflat] (#cbdee7->#cbdee7).
2024-03-05 09:33:24,469: INFO  – Color K2BT_ContentBackgroundText changed for options [color-variant=dark, base-color=green] (#cbdee7->#cbdee7).
2024-03-05 09:33:24,469: INFO  – Color K2BT_ContentBackgroundText changed for options [color-variant=dark, base-color=skyblue] (#cbdee7->#cbdee7).
2024-03-05 09:33:24,470: INFO  – Color K2BT_ContentBackgroundText changed for options [color-variant=dark, base-color=red] (#cbdee7->#cbdee7).
2024-03-05 09:33:24,471: INFO  – Color K2BT_ContentBackgroundTextHover changed for options [color-variant=light, base-color=violet] (#424242dd->#424242dd).
2024-03-05 09:33:24,472: INFO  – Color K2BT_ContentBackgroundTextHover changed for options [color-variant=light, base-color=violetflat] (#424242dd->#424242dd).
2024-03-05 09:33:24,472: INFO  – Color K2BT_ContentBackgroundTextHover changed for options [color-variant=light, base-color=green] (#424242dd->#424242dd).
2024-03-05 09:33:24,473: INFO  – Color K2BT_ContentBackgroundTextHover changed for options [color-variant=light, base-color=skyblue] (#424242dd->#424242dd).
2024-03-05 09:33:24,474: INFO  – Color K2BT_ContentBackgroundTextHover changed for options [color-variant=light, base-color=red] (#424242dd->#424242dd).
2024-03-05 09:33:24,475: INFO  – Color K2BT_ContentBackgroundTextHover changed for options [color-variant=dark, base-color=violet] (#cbdee7dd->#cbdee7dd).
2024-03-05 09:33:24,476: INFO  – Color K2BT_ContentBackgroundTextHover changed for options [color-variant=dark, base-color=violetflat] (#cbdee7dd->#cbdee7dd).
2024-03-05 09:33:24,477: INFO  – Color K2BT_ContentBackgroundTextHover changed for options [color-variant=dark, base-color=green] (#cbdee7dd->#cbdee7dd).
2024-03-05 09:33:24,478: INFO  – Color K2BT_ContentBackgroundTextHover changed for options [color-variant=dark, base-color=skyblue] (#cbdee7dd->#cbdee7dd).
2024-03-05 09:33:24,479: INFO  – Color K2BT_ContentBackgroundTextHover changed for options [color-variant=dark, base-color=red] (#cbdee7dd->#cbdee7dd).
2024-03-05 09:33:24,479: INFO  – Color K2BT_ComponentBackground changed for options [color-variant=light, base-color=violet] (#fff->#fff).
2024-03-05 09:33:24,480: INFO  – Color K2BT_ComponentBackground changed for options [color-variant=light, base-color=violetflat] (#fff->#fff).
2024-03-05 09:33:24,481: INFO  – Color K2BT_ComponentBackground changed for options [color-variant=light, base-color=green] (#fff->#fff).
2024-03-05 09:33:24,482: INFO  – Color K2BT_ComponentBackground changed for options [color-variant=light, base-color=skyblue] (#fff->#fff).
2024-03-05 09:33:24,482: INFO  – Color K2BT_ComponentBackground changed for options [color-variant=light, base-color=red] (#fff->#fff).
2024-03-05 09:33:24,483: INFO  – Color K2BT_ComponentBackground changed for options [color-variant=dark, base-color=violet] (#364953->#364953).
2024-03-05 09:33:24,484: INFO  – Color K2BT_ComponentBackground changed for options [color-variant=dark, base-color=violetflat] (#364953->#364953).
2024-03-05 09:33:24,485: INFO  – Color K2BT_ComponentBackground changed for options [color-variant=dark, base-color=green] (#364953->#364953).
2024-03-05 09:33:24,485: INFO  – Color K2BT_ComponentBackground changed for options [color-variant=dark, base-color=skyblue] (#364953->#364953).
2024-03-05 09:33:24,486: INFO  – Color K2BT_ComponentBackground changed for options [color-variant=dark, base-color=red] (#364953->#364953).
2024-03-05 09:33:24,487: INFO  – Color K2BT_NotificationsBellCounterBackground changed (#f0123c->#f0123c).
2024-03-05 09:33:24,488: INFO  – Color K2BT_NotificationsBellCounterText changed (#fff->#fff).
2024-03-05 09:33:24,488: INFO  – Color K2BT_MenuLevel1Text changed for options [color-variant=light, base-color=violet] (#000->#000).
2024-03-05 09:33:24,489: INFO  – Color K2BT_MenuLevel1Text changed for options [color-variant=light, base-color=violetflat] (#cbdee7->#cbdee7).
2024-03-05 09:33:24,490: INFO  – Color K2BT_MenuLevel1Text changed for options [color-variant=light, base-color=green] (#000->#000).
2024-03-05 09:33:24,491: INFO  – Color K2BT_MenuLevel1Text changed for options [color-variant=light, base-color=skyblue] (#000->#000).
2024-03-05 09:33:24,491: INFO  – Color K2BT_MenuLevel1Text changed for options [color-variant=light, base-color=red] (#000->#000).
2024-03-05 09:33:24,492: INFO  – Color K2BT_MenuLevel1Text changed for options [color-variant=dark, base-color=violet] (#cbdee7->#cbdee7).
2024-03-05 09:33:24,493: INFO  – Color K2BT_MenuLevel1Text changed for options [color-variant=dark, base-color=violetflat] (#cbdee7->#cbdee7).
2024-03-05 09:33:24,494: INFO  – Color K2BT_MenuLevel1Text changed for options [color-variant=dark, base-color=green] (#cbdee7->#cbdee7).
2024-03-05 09:33:24,495: INFO  – Color K2BT_MenuLevel1Text changed for options [color-variant=dark, base-color=skyblue] (#cbdee7->#cbdee7).
2024-03-05 09:33:24,496: INFO  – Color K2BT_MenuLevel1Text changed for options [color-variant=dark, base-color=red] (#cbdee7->#cbdee7).
2024-03-05 09:33:24,497: INFO  – Color K2BT_MenuLevel1HoverText changed for options [color-variant=light, base-color=violet] (#606060->#606060).
2024-03-05 09:33:24,497: INFO  – Color K2BT_MenuLevel1HoverText changed for options [color-variant=light, base-color=violetflat] (#fff->#fff).
2024-03-05 09:33:24,498: INFO  – Color K2BT_MenuLevel1HoverText changed for options [color-variant=light, base-color=green] (#606060->#606060).
2024-03-05 09:33:24,499: INFO  – Color K2BT_MenuLevel1HoverText changed for options [color-variant=light, base-color=skyblue] (#606060->#606060).
2024-03-05 09:33:24,500: INFO  – Color K2BT_MenuLevel1HoverText changed for options [color-variant=light, base-color=red] (#606060->#606060).
2024-03-05 09:33:24,501: INFO  – Color K2BT_MenuLevel1HoverText changed for options [color-variant=dark, base-color=violet] (#fff->#fff).
2024-03-05 09:33:24,501: INFO  – Color K2BT_MenuLevel1HoverText changed for options [color-variant=dark, base-color=violetflat] (#fff->#fff).
2024-03-05 09:33:24,502: INFO  – Color K2BT_MenuLevel1HoverText changed for options [color-variant=dark, base-color=green] (#fff->#fff).
2024-03-05 09:33:24,503: INFO  – Color K2BT_MenuLevel1HoverText changed for options [color-variant=dark, base-color=skyblue] (#fff->#fff).
2024-03-05 09:33:24,504: INFO  – Color K2BT_MenuLevel1HoverText changed for options [color-variant=dark, base-color=red] (#fff->#fff).
2024-03-05 09:33:24,504: INFO  – Color K2BT_MenuOtherLevelText changed for options [color-variant=light, base-color=violet] (#606060->#606060).
2024-03-05 09:33:24,505: INFO  – Color K2BT_MenuOtherLevelText changed for options [color-variant=light, base-color=violetflat] (#cbdee7->#cbdee7).
2024-03-05 09:33:24,506: INFO  – Color K2BT_MenuOtherLevelText changed for options [color-variant=light, base-color=green] (#606060->#606060).
2024-03-05 09:33:24,507: INFO  – Color K2BT_MenuOtherLevelText changed for options [color-variant=light, base-color=skyblue] (#606060->#606060).
2024-03-05 09:33:24,507: INFO  – Color K2BT_MenuOtherLevelText changed for options [color-variant=light, base-color=red] (#606060->#606060).
2024-03-05 09:33:24,508: INFO  – Color K2BT_MenuOtherLevelText changed for options [color-variant=dark, base-color=violet] (#cbdee7->#cbdee7).
2024-03-05 09:33:24,509: INFO  – Color K2BT_MenuOtherLevelText changed for options [color-variant=dark, base-color=violetflat] (#cbdee7->#cbdee7).
2024-03-05 09:33:24,510: INFO  – Color K2BT_MenuOtherLevelText changed for options [color-variant=dark, base-color=green] (#cbdee7->#cbdee7).
2024-03-05 09:33:24,511: INFO  – Color K2BT_MenuOtherLevelText changed for options [color-variant=dark, base-color=skyblue] (#cbdee7->#cbdee7).
2024-03-05 09:33:24,512: INFO  – Color K2BT_MenuOtherLevelText changed for options [color-variant=dark, base-color=red] (#cbdee7->#cbdee7).
2024-03-05 09:33:24,513: INFO  – Color K2BT_MenuOtherLevelHoverText changed for options [color-variant=light, base-color=violet] (#939393->#939393).
2024-03-05 09:33:24,514: INFO  – Color K2BT_MenuOtherLevelHoverText changed for options [color-variant=light, base-color=violetflat] (#fff->#fff).
2024-03-05 09:33:24,514: INFO  – Color K2BT_MenuOtherLevelHoverText changed for options [color-variant=light, base-color=green] (#939393->#939393).
2024-03-05 09:33:24,515: INFO  – Color K2BT_MenuOtherLevelHoverText changed for options [color-variant=light, base-color=skyblue] (#939393->#939393).
2024-03-05 09:33:24,515: INFO  – Color K2BT_MenuOtherLevelHoverText changed for options [color-variant=light, base-color=red] (#939393->#939393).
2024-03-05 09:33:24,516: INFO  – Color K2BT_MenuOtherLevelHoverText changed for options [color-variant=dark, base-color=violet] (#fff->#fff).
2024-03-05 09:33:24,517: INFO  – Color K2BT_MenuOtherLevelHoverText changed for options [color-variant=dark, base-color=violetflat] (#fff->#fff).
2024-03-05 09:33:24,518: INFO  – Color K2BT_MenuOtherLevelHoverText changed for options [color-variant=dark, base-color=green] (#fff->#fff).
2024-03-05 09:33:24,519: INFO  – Color K2BT_MenuOtherLevelHoverText changed for options [color-variant=dark, base-color=skyblue] (#fff->#fff).
2024-03-05 09:33:24,519: INFO  – Color K2BT_MenuOtherLevelHoverText changed for options [color-variant=dark, base-color=red] (#fff->#fff).
2024-03-05 09:33:24,520: INFO  – Color K2BT_MenuOtherLevelSelectedText changed for options [color-variant=light, base-color=violet] (#000->#000).
2024-03-05 09:33:24,521: INFO  – Color K2BT_MenuOtherLevelSelectedText changed for options [color-variant=light, base-color=violetflat] (#fff->#fff).
2024-03-05 09:33:24,522: INFO  – Color K2BT_MenuOtherLevelSelectedText changed for options [color-variant=light, base-color=green] (#000->#000).
2024-03-05 09:33:24,522: INFO  – Color K2BT_MenuOtherLevelSelectedText changed for options [color-variant=light, base-color=skyblue] (#000->#000).
2024-03-05 09:33:24,523: INFO  – Color K2BT_MenuOtherLevelSelectedText changed for options [color-variant=light, base-color=red] (#000->#000).
2024-03-05 09:33:24,524: INFO  – Color K2BT_MenuOtherLevelSelectedText changed for options [color-variant=dark, base-color=violet] (#fff->#fff).
2024-03-05 09:33:24,524: INFO  – Color K2BT_MenuOtherLevelSelectedText changed for options [color-variant=dark, base-color=violetflat] (#fff->#fff).
2024-03-05 09:33:24,525: INFO  – Color K2BT_MenuOtherLevelSelectedText changed for options [color-variant=dark, base-color=green] (#fff->#fff).
2024-03-05 09:33:24,526: INFO  – Color K2BT_MenuOtherLevelSelectedText changed for options [color-variant=dark, base-color=skyblue] (#fff->#fff).
2024-03-05 09:33:24,527: INFO  – Color K2BT_MenuOtherLevelSelectedText changed for options [color-variant=dark, base-color=red] (#fff->#fff).
2024-03-05 09:33:24,528: INFO  – Color K2BT_ObjectTitle changed for options [color-variant=light, base-color=violet] (#424242->#424242).
2024-03-05 09:33:24,529: INFO  – Color K2BT_ObjectTitle changed for options [color-variant=light, base-color=violetflat] (#424242->#424242).
2024-03-05 09:33:24,530: INFO  – Color K2BT_ObjectTitle changed for options [color-variant=light, base-color=green] (#424242->#424242).
2024-03-05 09:33:24,530: INFO  – Color K2BT_ObjectTitle changed for options [color-variant=light, base-color=skyblue] (#424242->#424242).
2024-03-05 09:33:24,531: INFO  – Color K2BT_ObjectTitle changed for options [color-variant=light, base-color=red] (#424242->#424242).
2024-03-05 09:33:24,532: INFO  – Color K2BT_ObjectTitle changed for options [color-variant=dark, base-color=violet] (#cbdee7->#cbdee7).
2024-03-05 09:33:24,532: INFO  – Color K2BT_ObjectTitle changed for options [color-variant=dark, base-color=violetflat] (#cbdee7->#cbdee7).
2024-03-05 09:33:24,533: INFO  – Color K2BT_ObjectTitle changed for options [color-variant=dark, base-color=green] (#cbdee7->#cbdee7).
2024-03-05 09:33:24,537: INFO  – Color K2BT_ObjectTitle changed for options [color-variant=dark, base-color=skyblue] (#cbdee7->#cbdee7).
2024-03-05 09:33:24,540: INFO  – Color K2BT_ObjectTitle changed for options [color-variant=dark, base-color=red] (#cbdee7->#cbdee7).
2024-03-05 09:33:24,540: INFO  – Color K2BT_AvatarOrInitialBackground changed (#ccc->#ccc).
2024-03-05 09:33:24,541: INFO  – Color K2BT_3rdLvlTitle changed for options [color-variant=light, base-color=violet] (#000->#000).
2024-03-05 09:33:24,542: INFO  – Color K2BT_3rdLvlTitle changed for options [color-variant=light, base-color=violetflat] (#000->#000).
2024-03-05 09:33:24,543: INFO  – Color K2BT_3rdLvlTitle changed for options [color-variant=light, base-color=green] (#000->#000).
2024-03-05 09:33:24,543: INFO  – Color K2BT_3rdLvlTitle changed for options [color-variant=light, base-color=skyblue] (#000->#000).
2024-03-05 09:33:24,544: INFO  – Color K2BT_3rdLvlTitle changed for options [color-variant=light, base-color=red] (#000->#000).
2024-03-05 09:33:24,545: INFO  – Color K2BT_3rdLvlTitle changed for options [color-variant=dark, base-color=violet] (#cbdee7->#cbdee7).
2024-03-05 09:33:24,546: INFO  – Color K2BT_3rdLvlTitle changed for options [color-variant=dark, base-color=violetflat] (#cbdee7->#cbdee7).
2024-03-05 09:33:24,547: INFO  – Color K2BT_3rdLvlTitle changed for options [color-variant=dark, base-color=green] (#cbdee7->#cbdee7).
2024-03-05 09:33:24,548: INFO  – Color K2BT_3rdLvlTitle changed for options [color-variant=dark, base-color=skyblue] (#cbdee7->#cbdee7).
2024-03-05 09:33:24,549: INFO  – Color K2BT_3rdLvlTitle changed for options [color-variant=dark, base-color=red] (#cbdee7->#cbdee7).
2024-03-05 09:33:24,549: INFO  – Color K2BT_Surface02 changed for options [color-variant=light, base-color=violet] (#ffffff->#ffffff).
2024-03-05 09:33:24,550: INFO  – Color K2BT_Surface02 changed for options [color-variant=light, base-color=violetflat] (#ffffff->#ffffff).
2024-03-05 09:33:24,551: INFO  – Color K2BT_Surface02 changed for options [color-variant=light, base-color=green] (#ffffff->#ffffff).
2024-03-05 09:33:24,552: INFO  – Color K2BT_Surface02 changed for options [color-variant=light, base-color=skyblue] (#ffffff->#ffffff).
2024-03-05 09:33:24,552: INFO  – Color K2BT_Surface02 changed for options [color-variant=light, base-color=red] (#ffffff->#ffffff).
2024-03-05 09:33:24,553: INFO  – Color K2BT_Surface02 changed for options [color-variant=dark, base-color=violet] (#364953->#364953).
2024-03-05 09:33:24,554: INFO  – Color K2BT_Surface02 changed for options [color-variant=dark, base-color=violetflat] (#364953->#364953).
2024-03-05 09:33:24,555: INFO  – Color K2BT_Surface02 changed for options [color-variant=dark, base-color=green] (#364953->#364953).
2024-03-05 09:33:24,555: INFO  – Color K2BT_Surface02 changed for options [color-variant=dark, base-color=skyblue] (#364953->#364953).
2024-03-05 09:33:24,556: INFO  – Color K2BT_Surface02 changed for options [color-variant=dark, base-color=red] (#364953->#364953).
2024-03-05 09:33:24,557: INFO  – Color K2BT_OnSurface02 changed for options [color-variant=light, base-color=violet] (#000000->#000000).
2024-03-05 09:33:24,558: INFO  – Color K2BT_OnSurface02 changed for options [color-variant=light, base-color=violetflat] (#000000->#000000).
2024-03-05 09:33:24,558: INFO  – Color K2BT_OnSurface02 changed for options [color-variant=light, base-color=green] (#000000->#000000).
2024-03-05 09:33:24,559: INFO  – Color K2BT_OnSurface02 changed for options [color-variant=light, base-color=skyblue] (#000000->#000000).
2024-03-05 09:33:24,560: INFO  – Color K2BT_OnSurface02 changed for options [color-variant=light, base-color=red] (#000000->#000000).
2024-03-05 09:33:24,560: INFO  – Color K2BT_OnSurface02 changed for options [color-variant=dark, base-color=violet] (#cbdee7->#cbdee7).
2024-03-05 09:33:24,561: INFO  – Color K2BT_OnSurface02 changed for options [color-variant=dark, base-color=violetflat] (#cbdee7->#cbdee7).
2024-03-05 09:33:24,562: INFO  – Color K2BT_OnSurface02 changed for options [color-variant=dark, base-color=green] (#cbdee7->#cbdee7).
2024-03-05 09:33:24,563: INFO  – Color K2BT_OnSurface02 changed for options [color-variant=dark, base-color=skyblue] (#cbdee7->#cbdee7).
2024-03-05 09:33:24,564: INFO  – Color K2BT_OnSurface02 changed for options [color-variant=dark, base-color=red] (#cbdee7->#cbdee7).
2024-03-05 09:33:24,565: INFO  – Color K2BT_Background changed (#ffffff->#ffffff).
2024-03-05 09:33:24,566: INFO  – Color K2BT_OnBackground changed for options [color-variant=light, base-color=violet] (#464646->#464646).
2024-03-05 09:33:24,566: INFO  – Color K2BT_OnBackground changed for options [color-variant=light, base-color=violetflat] (#464646->#464646).
2024-03-05 09:33:24,567: INFO  – Color K2BT_OnBackground changed for options [color-variant=light, base-color=green] (#464646->#464646).
2024-03-05 09:33:24,568: INFO  – Color K2BT_OnBackground changed for options [color-variant=light, base-color=skyblue] (#464646->#464646).
2024-03-05 09:33:24,569: INFO  – Color K2BT_OnBackground changed for options [color-variant=light, base-color=red] (#464646->#464646).
2024-03-05 09:33:24,569: INFO  – Color K2BT_OnBackground changed for options [color-variant=dark, base-color=violet] (#cbdee7->#cbdee7).
2024-03-05 09:33:24,570: INFO  – Color K2BT_OnBackground changed for options [color-variant=dark, base-color=violetflat] (#cbdee7->#cbdee7).
2024-03-05 09:33:24,571: INFO  – Color K2BT_OnBackground changed for options [color-variant=dark, base-color=green] (#cbdee7->#cbdee7).
2024-03-05 09:33:24,572: INFO  – Color K2BT_OnBackground changed for options [color-variant=dark, base-color=skyblue] (#cbdee7->#cbdee7).
2024-03-05 09:33:24,572: INFO  – Color K2BT_OnBackground changed for options [color-variant=dark, base-color=red] (#cbdee7->#cbdee7).
2024-03-05 09:33:24,573: INFO  – Color K2BT_ContainerBorder changed for options [color-variant=light, base-color=violet] (#ebebeb->#ebebeb).
2024-03-05 09:33:24,574: INFO  – Color K2BT_ContainerBorder changed for options [color-variant=light, base-color=violetflat] (#ebebeb->#ebebeb).
2024-03-05 09:33:24,575: INFO  – Color K2BT_ContainerBorder changed for options [color-variant=light, base-color=green] (#ebebeb->#ebebeb).
2024-03-05 09:33:24,575: INFO  – Color K2BT_ContainerBorder changed for options [color-variant=light, base-color=skyblue] (#ebebeb->#ebebeb).
2024-03-05 09:33:24,576: INFO  – Color K2BT_ContainerBorder changed for options [color-variant=light, base-color=red] (#ebebeb->#ebebeb).
2024-03-05 09:33:24,577: INFO  – Color K2BT_ContainerBorder changed for options [color-variant=dark, base-color=violet] (#364953->#364953).
2024-03-05 09:33:24,578: INFO  – Color K2BT_ContainerBorder changed for options [color-variant=dark, base-color=violetflat] (#364953->#364953).
2024-03-05 09:33:24,579: INFO  – Color K2BT_ContainerBorder changed for options [color-variant=dark, base-color=green] (#364953->#364953).
2024-03-05 09:33:24,580: INFO  – Color K2BT_ContainerBorder changed for options [color-variant=dark, base-color=skyblue] (#364953->#364953).
2024-03-05 09:33:24,581: INFO  – Color K2BT_ContainerBorder changed for options [color-variant=dark, base-color=red] (#364953->#364953).
2024-03-05 09:33:24,581: INFO  – Color K2BT_ContainerBorderHover changed for options [color-variant=light, base-color=violet] (#adadad->#adadad).
2024-03-05 09:33:24,582: INFO  – Color K2BT_ContainerBorderHover changed for options [color-variant=light, base-color=violetflat] (#adadad->#adadad).
2024-03-05 09:33:24,583: INFO  – Color K2BT_ContainerBorderHover changed for options [color-variant=light, base-color=green] (#adadad->#adadad).
2024-03-05 09:33:24,584: INFO  – Color K2BT_ContainerBorderHover changed for options [color-variant=light, base-color=skyblue] (#adadad->#adadad).
2024-03-05 09:33:24,585: INFO  – Color K2BT_ContainerBorderHover changed for options [color-variant=light, base-color=red] (#adadad->#adadad).
2024-03-05 09:33:24,586: INFO  – Color K2BT_ContainerBorderHover changed for options [color-variant=dark, base-color=violet] (#364953->#364953).
2024-03-05 09:33:24,586: INFO  – Color K2BT_ContainerBorderHover changed for options [color-variant=dark, base-color=violetflat] (#364953->#364953).
2024-03-05 09:33:24,587: INFO  – Color K2BT_ContainerBorderHover changed for options [color-variant=dark, base-color=green] (#364953->#364953).
2024-03-05 09:33:24,588: INFO  – Color K2BT_ContainerBorderHover changed for options [color-variant=dark, base-color=skyblue] (#364953->#364953).
2024-03-05 09:33:24,588: INFO  – Color K2BT_ContainerBorderHover changed for options [color-variant=dark, base-color=red] (#364953->#364953).
2024-03-05 09:33:24,589: INFO  – Color K2BT_Shadow changed for options [color-variant=light, base-color=violet] (#56565640->#56565640).
2024-03-05 09:33:24,590: INFO  – Color K2BT_Shadow changed for options [color-variant=light, base-color=violetflat] (#56565640->#56565640).
2024-03-05 09:33:24,591: INFO  – Color K2BT_Shadow changed for options [color-variant=light, base-color=green] (#56565640->#56565640).
2024-03-05 09:33:24,591: INFO  – Color K2BT_Shadow changed for options [color-variant=light, base-color=skyblue] (#56565640->#56565640).
2024-03-05 09:33:24,592: INFO  – Color K2BT_Shadow changed for options [color-variant=light, base-color=red] (#56565640->#56565640).
2024-03-05 09:33:24,593: INFO  – Color K2BT_Shadow changed for options [color-variant=dark, base-color=violet] (#00000040->#00000040).
2024-03-05 09:33:24,594: INFO  – Color K2BT_Shadow changed for options [color-variant=dark, base-color=violetflat] (#00000040->#00000040).
2024-03-05 09:33:24,595: INFO  – Color K2BT_Shadow changed for options [color-variant=dark, base-color=green] (#00000040->#00000040).
2024-03-05 09:33:24,596: INFO  – Color K2BT_Shadow changed for options [color-variant=dark, base-color=skyblue] (#00000040->#00000040).
2024-03-05 09:33:24,597: INFO  – Color K2BT_Shadow changed for options [color-variant=dark, base-color=red] (#00000040->#00000040).
2024-03-05 09:33:24,598: INFO  – Color K2BT_TertiaryText changed (#a1a1a1->#a1a1a1).
2024-03-05 09:33:24,599: INFO  – Color K2BT_SecondaryText changed (#666->#666).
2024-03-05 09:33:24,599: INFO  – Color K2BT_CardListImageBackground changed (#ebebeb->#ebebeb).
2024-03-05 09:33:24,600: INFO  – Color K2BT_TimelineItemContentBorder changed (#b7b7b7->#b7b7b7).
2024-03-05 09:33:24,601: INFO  – Color K2BT_CommentReplyBackground changed (#f9f9f9->#f9f9f9).
2024-03-05 09:33:24,963: INFO  – Image "calendar" color updated.
2024-03-05 09:33:25,525: INFO  – Image "K2BActionDelete" color updated.
2024-03-05 09:33:26,275: INFO  – Image "K2BActionDisplay" color updated.
2024-03-05 09:33:26,989: INFO  – Image "K2BActionDownload" color updated.
2024-03-05 09:33:27,688: INFO  – Image "K2BActionInsert" color updated.
2024-03-05 09:33:28,339: INFO  – Image "K2BActionReport" color updated.
2024-03-05 09:33:29,045: INFO  – Image "K2BActionUpdate" color updated.
2024-03-05 09:33:29,713: INFO  – Image "K2BBusinessAnalysisView" color updated.
2024-03-05 09:33:30,411: INFO  – Image "K2BGridView" color updated.
2024-03-05 09:33:31,018: INFO  – Image "K2BLayoutContentView" color updated.
2024-03-05 09:33:31,271: INFO  – Image "K2BT_CommentMoreActions" color updated.
2024-03-05 09:33:31,651: INFO  – Image "K2BT_CommentResolve" color updated.
2024-03-05 09:33:31,987: INFO  – Image "K2BT_EnhancedComboPlaceholder" color updated.
2024-03-05 09:33:32,300: INFO  – Image "K2BT_GridSettings" color updated.
2024-03-05 09:33:32,664: INFO  – Image "K2BT_WizardCompletedStepSeparator" color updated.
2024-03-05 09:33:33,280: INFO  – Image "K2BT_IncludeMeetingOff" color updated.
2024-03-05 09:33:33,604: INFO  – Image "K2BT_IncludeMeetingOn" color updated.
2024-03-05 09:33:33,922: INFO  – Image "K2BTools_CommentsOn" color updated.
2024-03-05 09:33:34,258: INFO  – Image "K2BContextHelp" color updated.
2024-03-05 09:33:34,616: INFO  – Image "K2BTools_SubscriptionOn" color updated.
2024-03-05 09:33:34,942: INFO  – Image "K2BTools_Comments" color updated.
2024-03-05 09:33:35,202: INFO  – Image "K2BTools_SubscriptionOff" color updated.
2024-03-05 09:33:35,452: INFO  – Image "K2BT_CheckboxChecked" color updated.
2024-03-05 09:33:35,710: INFO  – Image "K2BT_CheckboxNotChecked" color updated.
2024-03-05 09:33:36,024: INFO  – Image "prompt" color updated.
2024-03-05 09:33:36,635: INFO  – Image "K2BT_ColumnFilter" color updated.
2024-03-05 09:33:36,904: INFO  – Image "K2BT_ColumnFilterActive" color updated.
2024-03-05 09:33:37,212: INFO  – Image "K2BT_MasterPage2_MenuSelectedOptionAfter" color updated.
2024-03-05 09:33:37,465: INFO  – Image "K2BT_MasterPage2_MenuSelectedOptionBefore" color updated.
2024-03-05 09:33:37,722: INFO  – Image "K2BT_MenuToggleButton" color updated.
2024-03-05 09:33:38,033: INFO  – Image "K2BT_UIConfiguration" color updated.
2024-03-05 09:33:38,318: INFO  – Image "K2BNotificationsInactive" color updated.
2024-03-05 09:33:38,630: INFO  – Image "K2BT_Phone" color updated.
2024-03-05 09:33:38,892: INFO  – Image "K2BT_Location" color updated.
2024-03-05 09:33:39,175: INFO  – Image "K2BT_NextPage" color updated.
2024-03-05 09:33:39,492: INFO  – Image "K2BT_NextPageOverAccent" color updated.
2024-03-05 09:33:39,775: INFO  – Image "K2BT_PreviousPage" color updated.
2024-03-05 09:33:40,022: INFO  – Image "K2BT_PreviousPageOverAccent" color updated.
2024-03-05 09:33:40,258: INFO  – Image "K2BActionAdd" color updated.
2024-03-05 09:33:40,508: INFO  – Image "K2BActionRemove" color updated.
2024-03-05 09:33:40,783: INFO  – Image "K2BT_Search_OverContent" color updated.
2024-03-05 09:33:41,101: INFO  – Image "K2BT_Filters" color updated.
2024-03-05 09:33:41,350: INFO  – Image "K2BT_NotificationsBell_OverContent" color updated.
2024-03-05 09:33:41,630: INFO  – Image "K2BT_UIConfigurationOverContent" color updated.
2024-03-05 09:33:41,907: INFO  – Image "K2BT_OrderAscending" color updated.
2024-03-05 09:33:42,176: INFO  – Image "K2BT_OrderDescending" color updated.
2024-03-05 09:33:42,507: INFO  – Image "K2BT_NewItem_Color3" color updated.
2024-03-05 09:33:42,761: INFO  – Image "K2BT_Forecast_Color4" color updated.
2024-03-05 09:33:43,025: INFO  – Image "K2BT_Tick_Color2" color updated.
2024-03-05 09:33:43,439: INFO  – Image "K2BT_User_Color5" color updated.
2024-03-05 09:33:43,744: INFO  – Image "K2BToolsComponentCollapse" color updated.
2024-03-05 09:33:44,043: INFO  – Image "K2BToolsComponentOpen" color updated.
2024-03-05 09:33:44,329: INFO  – Image "DashboardKPIComponent1_Color1_Preview" color updated.
2024-03-05 09:33:44,700: INFO  – Image "DashboardKPIComponent2_Color1_Preview" color updated.
2024-03-05 09:33:45,041: INFO  – Image "DashboardKPIComponent3_Color1_Preview" color updated.
2024-03-05 09:33:45,389: INFO  – Image "DashboardKPIComponent4_Color1_Preview" color updated.
2024-03-05 09:33:45,631: INFO  – Image "DashboardKPIComponent1_Color2_Preview" color updated.
2024-03-05 09:33:45,933: INFO  – Image "DashboardKPIComponent2_Color2_Preview" color updated.
2024-03-05 09:33:46,211: INFO  – Image "DashboardKPIComponent3_Color2_Preview" color updated.
2024-03-05 09:33:46,479: INFO  – Image "DashboardKPIComponent4_Color2_Preview" color updated.
2024-03-05 09:33:46,746: INFO  – Image "DashboardKPIComponent1_Color3_Preview" color updated.
2024-03-05 09:33:47,006: INFO  – Image "DashboardKPIComponent2_Color3_Preview" color updated.
2024-03-05 09:33:47,270: INFO  – Image "DashboardKPIComponent3_Color3_Preview" color updated.
2024-03-05 09:33:47,577: INFO  – Image "DashboardKPIComponent4_Color3_Preview" color updated.
2024-03-05 09:33:47,834: INFO  – Image "DashboardKPIComponent1_Color4_Preview" color updated.
2024-03-05 09:33:48,095: INFO  – Image "DashboardKPIComponent2_Color4_Preview" color updated.
2024-03-05 09:33:48,349: INFO  – Image "DashboardKPIComponent3_Color4_Preview" color updated.
2024-03-05 09:33:48,616: INFO  – Image "DashboardKPIComponent4_Color4_Preview" color updated.
2024-03-05 09:33:48,951: INFO  – Image "DashboardKPIComponent1_Color5_Preview" color updated.
2024-03-05 09:33:49,239: INFO  – Image "DashboardKPIComponent2_Color5_Preview" color updated.
2024-03-05 09:33:49,507: INFO  – Image "DashboardKPIComponent3_Color5_Preview" color updated.
2024-03-05 09:33:49,802: INFO  – Image "DashboardKPIComponent4_Color5_Preview" color updated.
2024-03-05 09:33:50,177: INFO  – Image "K2BT_User" color updated.
2024-03-05 09:33:50,516: INFO  – Image "K2BT_Password" color updated.
2024-03-05 09:33:50,842: INFO  – Image "K2BWizardIcon" color updated.
2024-03-05 09:33:52,159: INFO  – Generating Design System K2BTools.DesignSystems.Aries.Aries
2024-03-05 09:33:52,421: INFO  – Overwriting master page K2BT_MasterPage.
2024-03-05 09:33:53,296: INFO  – Reloading Transaction 'CLAVES_RUTAS'...
2024-03-05 09:33:53,574: INFO  – Done
2024-03-05 09:33:53,785: INFO  – Updating configuration dialog. Dark mode=True, Language=False, BaseColor=False
2024-03-05 09:33:53,816: INFO  – Reloading Transaction 'RUTAS_COLONIA'...
2024-03-05 09:33:54,084: INFO  – Done
2024-03-05 09:33:54,150: INFO  – Reloading Web Panel 'Generar'...
2024-03-05 09:33:54,428: INFO  – Done
2024-03-05 09:33:54,438: INFO  – Master page K2BT_MasterPage set as "Default Master Page" for environment "Produccion".
2024-03-05 09:33:54,479: INFO  – Processing file 'C:\Program Files (x86)\GeneXus\GeneXus18\Packages\K2BTools\K2BTools.DesignSystems.Aries.Aries.xml'...
2024-03-05 09:33:54,612: INFO  – Checking Import References...
2024-03-05 09:33:54,612: INFO  – Finished
2024-03-05 09:33:54,613: INFO  – Reading import file objects...
2024-03-05 09:33:54,613: INFO  – Finished
2024-03-05 09:33:54,866: INFO  – Success: Applying changes to the design system
2024-03-05 09:39:16,987: INFO  – Updating Generar...
2024-03-05 09:39:17,107: INFO  – success
2024-03-05 09:39:36,952: INFO  – Updating Generar...
2024-03-05 09:39:37,012: INFO  – success
